[13-Jun-2017 10:00:12 America/Sao_Paulo] PHP Fatal error:  Uncaught exception 'Exception' with message 'An invalid configuration name has been requested: sLogLevel ' in /opt/lampp/htdocs/srm/CRM/srm/ChurchCRM/dto/SystemConfig.php:252
Stack trace:
#0 /opt/lampp/htdocs/srm/CRM/srm/Include/Functions.php(292): ChurchCRM\dto\SystemConfig::getValue('sLogLevel ')
#1 /opt/lampp/htdocs/srm/CRM/srm/QuerySQL.php(133): RunQuery('SELECT a.per_ID...')
#2 /opt/lampp/htdocs/srm/CRM/srm/QuerySQL.php(68): RunFreeQuery()
#3 {main}
  thrown in /opt/lampp/htdocs/srm/CRM/srm/ChurchCRM/dto/SystemConfig.php on line 252
[13-Jun-2017 10:35:26 America/Sao_Paulo] PHP Fatal error:  Uncaught exception 'Exception' with message 'An invalid configuration name has been requested: sLogLevel ' in /opt/lampp/htdocs/srm/CRM/srm/ChurchCRM/dto/SystemConfig.php:252
Stack trace:
#0 /opt/lampp/htdocs/srm/CRM/srm/Include/Functions.php(292): ChurchCRM\dto\SystemConfig::getValue('sLogLevel ')
#1 /opt/lampp/htdocs/srm/CRM/srm/QuerySQL.php(133): RunQuery('SELECT nome_com...')
#2 /opt/lampp/htdocs/srm/CRM/srm/QuerySQL.php(68): RunFreeQuery()
#3 {main}
  thrown in /opt/lampp/htdocs/srm/CRM/srm/ChurchCRM/dto/SystemConfig.php on line 252
[13-Jun-2017 10:35:58 America/Sao_Paulo] PHP Fatal error:  Uncaught exception 'Exception' with message 'An invalid configuration name has been requested: sLogLevel ' in /opt/lampp/htdocs/srm/CRM/srm/ChurchCRM/dto/SystemConfig.php:252
Stack trace:
#0 /opt/lampp/htdocs/srm/CRM/srm/Include/Functions.php(292): ChurchCRM\dto\SystemConfig::getValue('sLogLevel ')
#1 /opt/lampp/htdocs/srm/CRM/srm/QuerySQL.php(133): RunQuery('SELECT per_Firs...')
#2 /opt/lampp/htdocs/srm/CRM/srm/QuerySQL.php(68): RunFreeQuery()
#3 {main}
  thrown in /opt/lampp/htdocs/srm/CRM/srm/ChurchCRM/dto/SystemConfig.php on line 252
[13-Jun-2017 10:36:58 America/Sao_Paulo] PHP Fatal error:  Uncaught exception 'Exception' with message 'An invalid configuration name has been requested: sLogLevel ' in /opt/lampp/htdocs/srm/CRM/srm/ChurchCRM/dto/SystemConfig.php:252
Stack trace:
#0 /opt/lampp/htdocs/srm/CRM/srm/Include/Functions.php(292): ChurchCRM\dto\SystemConfig::getValue('sLogLevel ')
#1 /opt/lampp/htdocs/srm/CRM/srm/QuerySQL.php(133): RunQuery('SELECT nome_com...')
#2 /opt/lampp/htdocs/srm/CRM/srm/QuerySQL.php(68): RunFreeQuery()
#3 {main}
  thrown in /opt/lampp/htdocs/srm/CRM/srm/ChurchCRM/dto/SystemConfig.php on line 252
[13-Jun-2017 10:37:04 America/Sao_Paulo] PHP Fatal error:  Uncaught exception 'Exception' with message 'An invalid configuration name has been requested: sLogLevel ' in /opt/lampp/htdocs/srm/CRM/srm/ChurchCRM/dto/SystemConfig.php:252
Stack trace:
#0 /opt/lampp/htdocs/srm/CRM/srm/Include/Functions.php(292): ChurchCRM\dto\SystemConfig::getValue('sLogLevel ')
#1 /opt/lampp/htdocs/srm/CRM/srm/QuerySQL.php(133): RunQuery('SELECT nome_com...')
#2 /opt/lampp/htdocs/srm/CRM/srm/QuerySQL.php(68): RunFreeQuery()
#3 {main}
  thrown in /opt/lampp/htdocs/srm/CRM/srm/ChurchCRM/dto/SystemConfig.php on line 252
[13-Jun-2017 10:37:15 America/Sao_Paulo] PHP Fatal error:  Uncaught exception 'Exception' with message 'An invalid configuration name has been requested: sLogLevel ' in /opt/lampp/htdocs/srm/CRM/srm/ChurchCRM/dto/SystemConfig.php:252
Stack trace:
#0 /opt/lampp/htdocs/srm/CRM/srm/Include/Functions.php(292): ChurchCRM\dto\SystemConfig::getValue('sLogLevel ')
#1 /opt/lampp/htdocs/srm/CRM/srm/QuerySQL.php(133): RunQuery('SELECT per_Fist...')
#2 /opt/lampp/htdocs/srm/CRM/srm/QuerySQL.php(68): RunFreeQuery()
#3 {main}
  thrown in /opt/lampp/htdocs/srm/CRM/srm/ChurchCRM/dto/SystemConfig.php on line 252
[13-Jun-2017 10:37:17 America/Sao_Paulo] PHP Fatal error:  Uncaught exception 'Exception' with message 'An invalid configuration name has been requested: sLogLevel ' in /opt/lampp/htdocs/srm/CRM/srm/ChurchCRM/dto/SystemConfig.php:252
Stack trace:
#0 /opt/lampp/htdocs/srm/CRM/srm/Include/Functions.php(292): ChurchCRM\dto\SystemConfig::getValue('sLogLevel ')
#1 /opt/lampp/htdocs/srm/CRM/srm/QuerySQL.php(133): RunQuery('SELECT per_Fist...')
#2 /opt/lampp/htdocs/srm/CRM/srm/QuerySQL.php(68): RunFreeQuery()
#3 {main}
  thrown in /opt/lampp/htdocs/srm/CRM/srm/ChurchCRM/dto/SystemConfig.php on line 252
[13-Jun-2017 10:37:28 America/Sao_Paulo] PHP Fatal error:  Uncaught exception 'Exception' with message 'An invalid configuration name has been requested: sLogLevel ' in /opt/lampp/htdocs/srm/CRM/srm/ChurchCRM/dto/SystemConfig.php:252
Stack trace:
#0 /opt/lampp/htdocs/srm/CRM/srm/Include/Functions.php(292): ChurchCRM\dto\SystemConfig::getValue('sLogLevel ')
#1 /opt/lampp/htdocs/srm/CRM/srm/QuerySQL.php(133): RunQuery('SELECT per_Fist...')
#2 /opt/lampp/htdocs/srm/CRM/srm/QuerySQL.php(68): RunFreeQuery()
#3 {main}
  thrown in /opt/lampp/htdocs/srm/CRM/srm/ChurchCRM/dto/SystemConfig.php on line 252
[13-Jun-2017 10:37:29 America/Sao_Paulo] PHP Fatal error:  Uncaught exception 'Exception' with message 'An invalid configuration name has been requested: sLogLevel ' in /opt/lampp/htdocs/srm/CRM/srm/ChurchCRM/dto/SystemConfig.php:252
Stack trace:
#0 /opt/lampp/htdocs/srm/CRM/srm/Include/Functions.php(292): ChurchCRM\dto\SystemConfig::getValue('sLogLevel ')
#1 /opt/lampp/htdocs/srm/CRM/srm/QuerySQL.php(133): RunQuery('SELECT per_Fist...')
#2 /opt/lampp/htdocs/srm/CRM/srm/QuerySQL.php(68): RunFreeQuery()
#3 {main}
  thrown in /opt/lampp/htdocs/srm/CRM/srm/ChurchCRM/dto/SystemConfig.php on line 252
[13-Jun-2017 10:37:58 America/Sao_Paulo] PHP Fatal error:  Uncaught exception 'Exception' with message 'An invalid configuration name has been requested: sLogLevel ' in /opt/lampp/htdocs/srm/CRM/srm/ChurchCRM/dto/SystemConfig.php:252
Stack trace:
#0 /opt/lampp/htdocs/srm/CRM/srm/Include/Functions.php(292): ChurchCRM\dto\SystemConfig::getValue('sLogLevel ')
#1 /opt/lampp/htdocs/srm/CRM/srm/QuerySQL.php(133): RunQuery('SELECT nome_com...')
#2 /opt/lampp/htdocs/srm/CRM/srm/QuerySQL.php(68): RunFreeQuery()
#3 {main}
  thrown in /opt/lampp/htdocs/srm/CRM/srm/ChurchCRM/dto/SystemConfig.php on line 252
[13-Jun-2017 10:38:09 America/Sao_Paulo] PHP Fatal error:  Uncaught exception 'Exception' with message 'An invalid configuration name has been requested: sLogLevel ' in /opt/lampp/htdocs/srm/CRM/srm/ChurchCRM/dto/SystemConfig.php:252
Stack trace:
#0 /opt/lampp/htdocs/srm/CRM/srm/Include/Functions.php(292): ChurchCRM\dto\SystemConfig::getValue('sLogLevel ')
#1 /opt/lampp/htdocs/srm/CRM/srm/QuerySQL.php(133): RunQuery('SELECT per_Firt...')
#2 /opt/lampp/htdocs/srm/CRM/srm/QuerySQL.php(68): RunFreeQuery()
#3 {main}
  thrown in /opt/lampp/htdocs/srm/CRM/srm/ChurchCRM/dto/SystemConfig.php on line 252
[13-Jun-2017 10:38:26 America/Sao_Paulo] PHP Fatal error:  Uncaught exception 'Exception' with message 'An invalid configuration name has been requested: sLogLevel ' in /opt/lampp/htdocs/srm/CRM/srm/ChurchCRM/dto/SystemConfig.php:252
Stack trace:
#0 /opt/lampp/htdocs/srm/CRM/srm/Include/Functions.php(292): ChurchCRM\dto\SystemConfig::getValue('sLogLevel ')
#1 /opt/lampp/htdocs/srm/CRM/srm/QuerySQL.php(133): RunQuery('SELECT per_clsI...')
#2 /opt/lampp/htdocs/srm/CRM/srm/QuerySQL.php(68): RunFreeQuery()
#3 {main}
  thrown in /opt/lampp/htdocs/srm/CRM/srm/ChurchCRM/dto/SystemConfig.php on line 252
[13-Jun-2017 10:38:32 America/Sao_Paulo] PHP Fatal error:  Uncaught exception 'Exception' with message 'An invalid configuration name has been requested: sLogLevel ' in /opt/lampp/htdocs/srm/CRM/srm/ChurchCRM/dto/SystemConfig.php:252
Stack trace:
#0 /opt/lampp/htdocs/srm/CRM/srm/Include/Functions.php(292): ChurchCRM\dto\SystemConfig::getValue('sLogLevel ')
#1 /opt/lampp/htdocs/srm/CRM/srm/QuerySQL.php(133): RunQuery('SELECT per_clsI...')
#2 /opt/lampp/htdocs/srm/CRM/srm/QuerySQL.php(68): RunFreeQuery()
#3 {main}
  thrown in /opt/lampp/htdocs/srm/CRM/srm/ChurchCRM/dto/SystemConfig.php on line 252
[13-Jun-2017 10:41:40 America/Sao_Paulo] PHP Fatal error:  Uncaught exception 'Exception' with message 'An invalid configuration name has been requested: sLogLevel ' in /opt/lampp/htdocs/srm/CRM/srm/ChurchCRM/dto/SystemConfig.php:252
Stack trace:
#0 /opt/lampp/htdocs/srm/CRM/srm/Include/Functions.php(292): ChurchCRM\dto\SystemConfig::getValue('sLogLevel ')
#1 /opt/lampp/htdocs/srm/CRM/srm/QuerySQL.php(133): RunQuery('SELECT p.per_Fi...')
#2 /opt/lampp/htdocs/srm/CRM/srm/QuerySQL.php(68): RunFreeQuery()
#3 {main}
  thrown in /opt/lampp/htdocs/srm/CRM/srm/ChurchCRM/dto/SystemConfig.php on line 252
[13-Jun-2017 10:41:47 America/Sao_Paulo] PHP Fatal error:  Uncaught exception 'Exception' with message 'An invalid configuration name has been requested: sLogLevel ' in /opt/lampp/htdocs/srm/CRM/srm/ChurchCRM/dto/SystemConfig.php:252
Stack trace:
#0 /opt/lampp/htdocs/srm/CRM/srm/Include/Functions.php(292): ChurchCRM\dto\SystemConfig::getValue('sLogLevel ')
#1 /opt/lampp/htdocs/srm/CRM/srm/QuerySQL.php(133): RunQuery('SELECT p.per_Fi...')
#2 /opt/lampp/htdocs/srm/CRM/srm/QuerySQL.php(68): RunFreeQuery()
#3 {main}
  thrown in /opt/lampp/htdocs/srm/CRM/srm/ChurchCRM/dto/SystemConfig.php on line 252
[13-Jun-2017 10:41:59 America/Sao_Paulo] PHP Fatal error:  Uncaught exception 'Exception' with message 'An invalid configuration name has been requested: sLogLevel ' in /opt/lampp/htdocs/srm/CRM/srm/ChurchCRM/dto/SystemConfig.php:252
Stack trace:
#0 /opt/lampp/htdocs/srm/CRM/srm/Include/Functions.php(292): ChurchCRM\dto\SystemConfig::getValue('sLogLevel ')
#1 /opt/lampp/htdocs/srm/CRM/srm/QuerySQL.php(133): RunQuery('SELECT p.per_Fi...')
#2 /opt/lampp/htdocs/srm/CRM/srm/QuerySQL.php(68): RunFreeQuery()
#3 {main}
  thrown in /opt/lampp/htdocs/srm/CRM/srm/ChurchCRM/dto/SystemConfig.php on line 252
[13-Jun-2017 10:42:01 America/Sao_Paulo] PHP Fatal error:  Uncaught exception 'Exception' with message 'An invalid configuration name has been requested: sLogLevel ' in /opt/lampp/htdocs/srm/CRM/srm/ChurchCRM/dto/SystemConfig.php:252
Stack trace:
#0 /opt/lampp/htdocs/srm/CRM/srm/Include/Functions.php(292): ChurchCRM\dto\SystemConfig::getValue('sLogLevel ')
#1 /opt/lampp/htdocs/srm/CRM/srm/QuerySQL.php(133): RunQuery('SELECT p.per_Fi...')
#2 /opt/lampp/htdocs/srm/CRM/srm/QuerySQL.php(68): RunFreeQuery()
#3 {main}
  thrown in /opt/lampp/htdocs/srm/CRM/srm/ChurchCRM/dto/SystemConfig.php on line 252
[13-Jun-2017 10:42:23 America/Sao_Paulo] PHP Fatal error:  Uncaught exception 'Exception' with message 'An invalid configuration name has been requested: sLogLevel ' in /opt/lampp/htdocs/srm/CRM/srm/ChurchCRM/dto/SystemConfig.php:252
Stack trace:
#0 /opt/lampp/htdocs/srm/CRM/srm/Include/Functions.php(292): ChurchCRM\dto\SystemConfig::getValue('sLogLevel ')
#1 /opt/lampp/htdocs/srm/CRM/srm/QuerySQL.php(133): RunQuery('SELECT p.per_Fi...')
#2 /opt/lampp/htdocs/srm/CRM/srm/QuerySQL.php(68): RunFreeQuery()
#3 {main}
  thrown in /opt/lampp/htdocs/srm/CRM/srm/ChurchCRM/dto/SystemConfig.php on line 252
[13-Jun-2017 10:43:15 America/Sao_Paulo] PHP Fatal error:  Uncaught exception 'Exception' with message 'An invalid configuration name has been requested: sLogLevel ' in /opt/lampp/htdocs/srm/CRM/srm/ChurchCRM/dto/SystemConfig.php:252
Stack trace:
#0 /opt/lampp/htdocs/srm/CRM/srm/Include/Functions.php(292): ChurchCRM\dto\SystemConfig::getValue('sLogLevel ')
#1 /opt/lampp/htdocs/srm/CRM/srm/QuerySQL.php(133): RunQuery('SELECT p.per_Fi...')
#2 /opt/lampp/htdocs/srm/CRM/srm/QuerySQL.php(68): RunFreeQuery()
#3 {main}
  thrown in /opt/lampp/htdocs/srm/CRM/srm/ChurchCRM/dto/SystemConfig.php on line 252
[13-Jun-2017 10:45:08 America/Sao_Paulo] PHP Fatal error:  Uncaught exception 'Exception' with message 'An invalid configuration name has been requested: sLogLevel ' in /opt/lampp/htdocs/srm/CRM/srm/ChurchCRM/dto/SystemConfig.php:252
Stack trace:
#0 /opt/lampp/htdocs/srm/CRM/srm/Include/Functions.php(292): ChurchCRM\dto\SystemConfig::getValue('sLogLevel ')
#1 /opt/lampp/htdocs/srm/CRM/srm/QuerySQL.php(133): RunQuery('SELECT p.per_Fi...')
#2 /opt/lampp/htdocs/srm/CRM/srm/QuerySQL.php(68): RunFreeQuery()
#3 {main}
  thrown in /opt/lampp/htdocs/srm/CRM/srm/ChurchCRM/dto/SystemConfig.php on line 252
[13-Jun-2017 10:45:10 America/Sao_Paulo] PHP Fatal error:  Uncaught exception 'Exception' with message 'An invalid configuration name has been requested: sLogLevel ' in /opt/lampp/htdocs/srm/CRM/srm/ChurchCRM/dto/SystemConfig.php:252
Stack trace:
#0 /opt/lampp/htdocs/srm/CRM/srm/Include/Functions.php(292): ChurchCRM\dto\SystemConfig::getValue('sLogLevel ')
#1 /opt/lampp/htdocs/srm/CRM/srm/QuerySQL.php(133): RunQuery('SELECT p.per_Fi...')
#2 /opt/lampp/htdocs/srm/CRM/srm/QuerySQL.php(68): RunFreeQuery()
#3 {main}
  thrown in /opt/lampp/htdocs/srm/CRM/srm/ChurchCRM/dto/SystemConfig.php on line 252
[13-Jun-2017 10:45:33 America/Sao_Paulo] PHP Fatal error:  Uncaught exception 'Exception' with message 'An invalid configuration name has been requested: sLogLevel ' in /opt/lampp/htdocs/srm/CRM/srm/ChurchCRM/dto/SystemConfig.php:252
Stack trace:
#0 /opt/lampp/htdocs/srm/CRM/srm/Include/Functions.php(292): ChurchCRM\dto\SystemConfig::getValue('sLogLevel ')
#1 /opt/lampp/htdocs/srm/CRM/srm/QuerySQL.php(133): RunQuery('SELECT p.per_Fi...')
#2 /opt/lampp/htdocs/srm/CRM/srm/QuerySQL.php(68): RunFreeQuery()
#3 {main}
  thrown in /opt/lampp/htdocs/srm/CRM/srm/ChurchCRM/dto/SystemConfig.php on line 252
[13-Jun-2017 10:45:35 America/Sao_Paulo] PHP Fatal error:  Uncaught exception 'Exception' with message 'An invalid configuration name has been requested: sLogLevel ' in /opt/lampp/htdocs/srm/CRM/srm/ChurchCRM/dto/SystemConfig.php:252
Stack trace:
#0 /opt/lampp/htdocs/srm/CRM/srm/Include/Functions.php(292): ChurchCRM\dto\SystemConfig::getValue('sLogLevel ')
#1 /opt/lampp/htdocs/srm/CRM/srm/QuerySQL.php(133): RunQuery('SELECT p.per_Fi...')
#2 /opt/lampp/htdocs/srm/CRM/srm/QuerySQL.php(68): RunFreeQuery()
#3 {main}
  thrown in /opt/lampp/htdocs/srm/CRM/srm/ChurchCRM/dto/SystemConfig.php on line 252
[13-Jun-2017 10:46:31 America/Sao_Paulo] PHP Fatal error:  Uncaught exception 'Exception' with message 'An invalid configuration name has been requested: sLogLevel ' in /opt/lampp/htdocs/srm/CRM/srm/ChurchCRM/dto/SystemConfig.php:252
Stack trace:
#0 /opt/lampp/htdocs/srm/CRM/srm/Include/Functions.php(292): ChurchCRM\dto\SystemConfig::getValue('sLogLevel ')
#1 /opt/lampp/htdocs/srm/CRM/srm/QuerySQL.php(133): RunQuery('SELECT p.per_Fi...')
#2 /opt/lampp/htdocs/srm/CRM/srm/QuerySQL.php(68): RunFreeQuery()
#3 {main}
  thrown in /opt/lampp/htdocs/srm/CRM/srm/ChurchCRM/dto/SystemConfig.php on line 252
[13-Jun-2017 10:46:32 America/Sao_Paulo] PHP Fatal error:  Uncaught exception 'Exception' with message 'An invalid configuration name has been requested: sLogLevel ' in /opt/lampp/htdocs/srm/CRM/srm/ChurchCRM/dto/SystemConfig.php:252
Stack trace:
#0 /opt/lampp/htdocs/srm/CRM/srm/Include/Functions.php(292): ChurchCRM\dto\SystemConfig::getValue('sLogLevel ')
#1 /opt/lampp/htdocs/srm/CRM/srm/QuerySQL.php(133): RunQuery('SELECT p.per_Fi...')
#2 /opt/lampp/htdocs/srm/CRM/srm/QuerySQL.php(68): RunFreeQuery()
#3 {main}
  thrown in /opt/lampp/htdocs/srm/CRM/srm/ChurchCRM/dto/SystemConfig.php on line 252
[13-Jun-2017 10:49:32 America/Sao_Paulo] PHP Fatal error:  Uncaught exception 'Exception' with message 'An invalid configuration name has been requested: sLogLevel ' in /opt/lampp/htdocs/srm/CRM/srm/ChurchCRM/dto/SystemConfig.php:252
Stack trace:
#0 /opt/lampp/htdocs/srm/CRM/srm/Include/Functions.php(292): ChurchCRM\dto\SystemConfig::getValue('sLogLevel ')
#1 /opt/lampp/htdocs/srm/CRM/srm/QuerySQL.php(133): RunQuery('SELECT per_Firs...')
#2 /opt/lampp/htdocs/srm/CRM/srm/QuerySQL.php(68): RunFreeQuery()
#3 {main}
  thrown in /opt/lampp/htdocs/srm/CRM/srm/ChurchCRM/dto/SystemConfig.php on line 252
[13-Jun-2017 10:52:08 America/Sao_Paulo] PHP Fatal error:  Uncaught exception 'Exception' with message 'An invalid configuration name has been requested: sLogLevel ' in /opt/lampp/htdocs/srm/CRM/srm/ChurchCRM/dto/SystemConfig.php:252
Stack trace:
#0 /opt/lampp/htdocs/srm/CRM/srm/Include/Functions.php(292): ChurchCRM\dto\SystemConfig::getValue('sLogLevel ')
#1 /opt/lampp/htdocs/srm/CRM/srm/QuerySQL.php(133): RunQuery('SELECT per_Firs...')
#2 /opt/lampp/htdocs/srm/CRM/srm/QuerySQL.php(68): RunFreeQuery()
#3 {main}
  thrown in /opt/lampp/htdocs/srm/CRM/srm/ChurchCRM/dto/SystemConfig.php on line 252
[13-Jun-2017 10:55:38 America/Sao_Paulo] PHP Fatal error:  Uncaught exception 'Exception' with message 'An invalid configuration name has been requested: sLogLevel ' in /opt/lampp/htdocs/srm/CRM/srm/ChurchCRM/dto/SystemConfig.php:252
Stack trace:
#0 /opt/lampp/htdocs/srm/CRM/srm/Include/Functions.php(292): ChurchCRM\dto\SystemConfig::getValue('sLogLevel ')
#1 /opt/lampp/htdocs/srm/CRM/srm/QuerySQL.php(133): RunQuery('SELECT a.per_Fi...')
#2 /opt/lampp/htdocs/srm/CRM/srm/QuerySQL.php(68): RunFreeQuery()
#3 {main}
  thrown in /opt/lampp/htdocs/srm/CRM/srm/ChurchCRM/dto/SystemConfig.php on line 252
[13-Jun-2017 10:57:32 America/Sao_Paulo] PHP Fatal error:  Uncaught exception 'Exception' with message 'An invalid configuration name has been requested: sLogLevel ' in /opt/lampp/htdocs/srm/CRM/srm/ChurchCRM/dto/SystemConfig.php:252
Stack trace:
#0 /opt/lampp/htdocs/srm/CRM/srm/Include/Functions.php(292): ChurchCRM\dto\SystemConfig::getValue('sLogLevel ')
#1 /opt/lampp/htdocs/srm/CRM/srm/QuerySQL.php(133): RunQuery('SELECT a.per_ID...')
#2 /opt/lampp/htdocs/srm/CRM/srm/QuerySQL.php(68): RunFreeQuery()
#3 {main}
  thrown in /opt/lampp/htdocs/srm/CRM/srm/ChurchCRM/dto/SystemConfig.php on line 252
[13-Jun-2017 11:00:32 America/Sao_Paulo] PHP Fatal error:  Uncaught exception 'Exception' with message 'An invalid configuration name has been requested: sLogLevel ' in /opt/lampp/htdocs/srm/CRM/srm/ChurchCRM/dto/SystemConfig.php:252
Stack trace:
#0 /opt/lampp/htdocs/srm/CRM/srm/Include/Functions.php(292): ChurchCRM\dto\SystemConfig::getValue('sLogLevel ')
#1 /opt/lampp/htdocs/srm/CRM/srm/QuerySQL.php(133): RunQuery('SELECT a.per_ID...')
#2 /opt/lampp/htdocs/srm/CRM/srm/QuerySQL.php(68): RunFreeQuery()
#3 {main}
  thrown in /opt/lampp/htdocs/srm/CRM/srm/ChurchCRM/dto/SystemConfig.php on line 252
[13-Jun-2017 11:00:54 America/Sao_Paulo] PHP Fatal error:  Uncaught exception 'Exception' with message 'An invalid configuration name has been requested: sLogLevel ' in /opt/lampp/htdocs/srm/CRM/srm/ChurchCRM/dto/SystemConfig.php:252
Stack trace:
#0 /opt/lampp/htdocs/srm/CRM/srm/Include/Functions.php(292): ChurchCRM\dto\SystemConfig::getValue('sLogLevel ')
#1 /opt/lampp/htdocs/srm/CRM/srm/QuerySQL.php(133): RunQuery('SELECT a.per_ID...')
#2 /opt/lampp/htdocs/srm/CRM/srm/QuerySQL.php(68): RunFreeQuery()
#3 {main}
  thrown in /opt/lampp/htdocs/srm/CRM/srm/ChurchCRM/dto/SystemConfig.php on line 252
[13-Jun-2017 11:01:09 America/Sao_Paulo] PHP Fatal error:  Uncaught exception 'Exception' with message 'An invalid configuration name has been requested: sLogLevel ' in /opt/lampp/htdocs/srm/CRM/srm/ChurchCRM/dto/SystemConfig.php:252
Stack trace:
#0 /opt/lampp/htdocs/srm/CRM/srm/Include/Functions.php(292): ChurchCRM\dto\SystemConfig::getValue('sLogLevel ')
#1 /opt/lampp/htdocs/srm/CRM/srm/QuerySQL.php(133): RunQuery('SELECT a.per_ID...')
#2 /opt/lampp/htdocs/srm/CRM/srm/QuerySQL.php(68): RunFreeQuery()
#3 {main}
  thrown in /opt/lampp/htdocs/srm/CRM/srm/ChurchCRM/dto/SystemConfig.php on line 252
[13-Jun-2017 11:01:16 America/Sao_Paulo] PHP Fatal error:  Uncaught exception 'Exception' with message 'An invalid configuration name has been requested: sLogLevel ' in /opt/lampp/htdocs/srm/CRM/srm/ChurchCRM/dto/SystemConfig.php:252
Stack trace:
#0 /opt/lampp/htdocs/srm/CRM/srm/Include/Functions.php(292): ChurchCRM\dto\SystemConfig::getValue('sLogLevel ')
#1 /opt/lampp/htdocs/srm/CRM/srm/QuerySQL.php(133): RunQuery('SELECT a.per_ID...')
#2 /opt/lampp/htdocs/srm/CRM/srm/QuerySQL.php(68): RunFreeQuery()
#3 {main}
  thrown in /opt/lampp/htdocs/srm/CRM/srm/ChurchCRM/dto/SystemConfig.php on line 252
