[27-Jun-2017 14:24:37 America/Sao_Paulo] PHP Fatal error:  Uncaught exception 'Exception' with message 'An invalid configuration name has been requested: sLogLevel ' in /opt/lampp/htdocs/srm/CRM/src/ChurchCRM/dto/SystemConfig.php:253
Stack trace:
#0 /opt/lampp/htdocs/srm/CRM/src/Include/Functions.php(304): ChurchCRM\dto\SystemConfig::getValue('sLogLevel ')
#1 /opt/lampp/htdocs/srm/CRM/src/QuerySQL.php(133): RunQuery('SELECT COUNT(pe...')
#2 /opt/lampp/htdocs/srm/CRM/src/QuerySQL.php(68): RunFreeQuery()
#3 {main}
  thrown in /opt/lampp/htdocs/srm/CRM/src/ChurchCRM/dto/SystemConfig.php on line 253
[27-Jun-2017 14:24:42 America/Sao_Paulo] PHP Fatal error:  Uncaught exception 'Exception' with message 'An invalid configuration name has been requested: sLogLevel ' in /opt/lampp/htdocs/srm/CRM/src/ChurchCRM/dto/SystemConfig.php:253
Stack trace:
#0 /opt/lampp/htdocs/srm/CRM/src/Include/Functions.php(304): ChurchCRM\dto\SystemConfig::getValue('sLogLevel ')
#1 /opt/lampp/htdocs/srm/CRM/src/QuerySQL.php(133): RunQuery('SELECT COUNT(pe...')
#2 /opt/lampp/htdocs/srm/CRM/src/QuerySQL.php(68): RunFreeQuery()
#3 {main}
  thrown in /opt/lampp/htdocs/srm/CRM/src/ChurchCRM/dto/SystemConfig.php on line 253
[27-Jun-2017 14:24:42 America/Sao_Paulo] PHP Fatal error:  Uncaught exception 'Exception' with message 'An invalid configuration name has been requested: sLogLevel ' in /opt/lampp/htdocs/srm/CRM/src/ChurchCRM/dto/SystemConfig.php:253
Stack trace:
#0 /opt/lampp/htdocs/srm/CRM/src/Include/Functions.php(304): ChurchCRM\dto\SystemConfig::getValue('sLogLevel ')
#1 /opt/lampp/htdocs/srm/CRM/src/QuerySQL.php(133): RunQuery('SELECT COUNT(pe...')
#2 /opt/lampp/htdocs/srm/CRM/src/QuerySQL.php(68): RunFreeQuery()
#3 {main}
  thrown in /opt/lampp/htdocs/srm/CRM/src/ChurchCRM/dto/SystemConfig.php on line 253
[27-Jun-2017 14:24:48 America/Sao_Paulo] PHP Fatal error:  Uncaught exception 'Exception' with message 'An invalid configuration name has been requested: sLogLevel ' in /opt/lampp/htdocs/srm/CRM/src/ChurchCRM/dto/SystemConfig.php:253
Stack trace:
#0 /opt/lampp/htdocs/srm/CRM/src/Include/Functions.php(304): ChurchCRM\dto\SystemConfig::getValue('sLogLevel ')
#1 /opt/lampp/htdocs/srm/CRM/src/QuerySQL.php(133): RunQuery('SELECT COUNT(pe...')
#2 /opt/lampp/htdocs/srm/CRM/src/QuerySQL.php(68): RunFreeQuery()
#3 {main}
  thrown in /opt/lampp/htdocs/srm/CRM/src/ChurchCRM/dto/SystemConfig.php on line 253
