[22-Jun-2017 13:22:33 America/Sao_Paulo] PHP Fatal error:  Uncaught exception 'Exception' with message 'An invalid configuration name has been requested: sLogLevel ' in /opt/lampp/htdocs/srm/CRM/src/ChurchCRM/dto/SystemConfig.php:253
Stack trace:
#0 /opt/lampp/htdocs/srm/CRM/src/Include/Functions.php(304): ChurchCRM\dto\SystemConfig::getValue('sLogLevel ')
#1 /opt/lampp/htdocs/srm/CRM/src/PersonEditor.php(451): RunQuery('INSERT INTO per...')
#2 {main}
  thrown in /opt/lampp/htdocs/srm/CRM/src/ChurchCRM/dto/SystemConfig.php on line 253
[22-Jun-2017 13:26:01 America/Sao_Paulo] PHP Fatal error:  Uncaught exception 'Exception' with message 'An invalid configuration name has been requested: sLogLevel ' in /opt/lampp/htdocs/srm/CRM/src/ChurchCRM/dto/SystemConfig.php:253
Stack trace:
#0 /opt/lampp/htdocs/srm/CRM/src/Include/Functions.php(304): ChurchCRM\dto\SystemConfig::getValue('sLogLevel ')
#1 /opt/lampp/htdocs/srm/CRM/src/PersonEditor.php(461): RunQuery('INSERT INTO per...')
#2 {main}
  thrown in /opt/lampp/htdocs/srm/CRM/src/ChurchCRM/dto/SystemConfig.php on line 253
[22-Jun-2017 13:28:53 America/Sao_Paulo] PHP Fatal error:  Uncaught exception 'Exception' with message 'An invalid configuration name has been requested: sLogLevel ' in /opt/lampp/htdocs/srm/CRM/src/ChurchCRM/dto/SystemConfig.php:253
Stack trace:
#0 /opt/lampp/htdocs/srm/CRM/src/Include/Functions.php(304): ChurchCRM\dto\SystemConfig::getValue('sLogLevel ')
#1 /opt/lampp/htdocs/srm/CRM/src/PersonEditor.php(462): RunQuery('INSERT INTO per...')
#2 {main}
  thrown in /opt/lampp/htdocs/srm/CRM/src/ChurchCRM/dto/SystemConfig.php on line 253
[22-Jun-2017 13:41:57 America/Sao_Paulo] PHP Fatal error:  Uncaught exception 'Exception' with message 'An invalid configuration name has been requested: sLogLevel ' in /opt/lampp/htdocs/srm/CRM/src/ChurchCRM/dto/SystemConfig.php:253
Stack trace:
#0 /opt/lampp/htdocs/srm/CRM/src/Include/Functions.php(304): ChurchCRM\dto\SystemConfig::getValue('sLogLevel ')
#1 /opt/lampp/htdocs/srm/CRM/src/PersonEditor.php(458): RunQuery('INSERT INTO per...')
#2 {main}
  thrown in /opt/lampp/htdocs/srm/CRM/src/ChurchCRM/dto/SystemConfig.php on line 253
[22-Jun-2017 13:43:08 America/Sao_Paulo] PHP Fatal error:  Uncaught exception 'Exception' with message 'An invalid configuration name has been requested: sLogLevel ' in /opt/lampp/htdocs/srm/CRM/src/ChurchCRM/dto/SystemConfig.php:253
Stack trace:
#0 /opt/lampp/htdocs/srm/CRM/src/Include/Functions.php(304): ChurchCRM\dto\SystemConfig::getValue('sLogLevel ')
#1 /opt/lampp/htdocs/srm/CRM/src/PersonEditor.php(470): RunQuery('INSERT INTO per...')
#2 {main}
  thrown in /opt/lampp/htdocs/srm/CRM/src/ChurchCRM/dto/SystemConfig.php on line 253
[22-Jun-2017 13:44:25 America/Sao_Paulo] PHP Fatal error:  Uncaught exception 'Exception' with message 'An invalid configuration name has been requested: sLogLevel ' in /opt/lampp/htdocs/srm/CRM/src/ChurchCRM/dto/SystemConfig.php:253
Stack trace:
#0 /opt/lampp/htdocs/srm/CRM/src/Include/Functions.php(304): ChurchCRM\dto\SystemConfig::getValue('sLogLevel ')
#1 /opt/lampp/htdocs/srm/CRM/src/PersonEditor.php(470): RunQuery('INSERT INTO per...')
#2 {main}
  thrown in /opt/lampp/htdocs/srm/CRM/src/ChurchCRM/dto/SystemConfig.php on line 253
[22-Jun-2017 13:45:07 America/Sao_Paulo] PHP Fatal error:  Uncaught exception 'Exception' with message 'An invalid configuration name has been requested: sLogLevel ' in /opt/lampp/htdocs/srm/CRM/src/ChurchCRM/dto/SystemConfig.php:253
Stack trace:
#0 /opt/lampp/htdocs/srm/CRM/src/Include/Functions.php(304): ChurchCRM\dto\SystemConfig::getValue('sLogLevel ')
#1 /opt/lampp/htdocs/srm/CRM/src/PersonEditor.php(470): RunQuery('INSERT INTO per...')
#2 {main}
  thrown in /opt/lampp/htdocs/srm/CRM/src/ChurchCRM/dto/SystemConfig.php on line 253
[22-Jun-2017 13:47:24 America/Sao_Paulo] PHP Fatal error:  Uncaught exception 'Exception' with message 'An invalid configuration name has been requested: sLogLevel ' in /opt/lampp/htdocs/srm/CRM/src/ChurchCRM/dto/SystemConfig.php:253
Stack trace:
#0 /opt/lampp/htdocs/srm/CRM/src/Include/Functions.php(304): ChurchCRM\dto\SystemConfig::getValue('sLogLevel ')
#1 /opt/lampp/htdocs/srm/CRM/src/PersonEditor.php(465): RunQuery('INSERT INTO per...')
#2 {main}
  thrown in /opt/lampp/htdocs/srm/CRM/src/ChurchCRM/dto/SystemConfig.php on line 253
[22-Jun-2017 13:47:54 America/Sao_Paulo] PHP Fatal error:  Uncaught exception 'Exception' with message 'An invalid configuration name has been requested: sLogLevel ' in /opt/lampp/htdocs/srm/CRM/src/ChurchCRM/dto/SystemConfig.php:253
Stack trace:
#0 /opt/lampp/htdocs/srm/CRM/src/Include/Functions.php(304): ChurchCRM\dto\SystemConfig::getValue('sLogLevel ')
#1 /opt/lampp/htdocs/srm/CRM/src/PersonEditor.php(475): RunQuery('INSERT INTO per...')
#2 {main}
  thrown in /opt/lampp/htdocs/srm/CRM/src/ChurchCRM/dto/SystemConfig.php on line 253
[22-Jun-2017 13:50:51 America/Sao_Paulo] PHP Fatal error:  Uncaught exception 'Exception' with message 'An invalid configuration name has been requested: sLogLevel ' in /opt/lampp/htdocs/srm/CRM/src/ChurchCRM/dto/SystemConfig.php:253
Stack trace:
#0 /opt/lampp/htdocs/srm/CRM/src/Include/Functions.php(304): ChurchCRM\dto\SystemConfig::getValue('sLogLevel ')
#1 /opt/lampp/htdocs/srm/CRM/src/PersonEditor.php(465): RunQuery('INSERT INTO per...')
#2 {main}
  thrown in /opt/lampp/htdocs/srm/CRM/src/ChurchCRM/dto/SystemConfig.php on line 253
[22-Jun-2017 13:51:19 America/Sao_Paulo] PHP Fatal error:  Uncaught exception 'Exception' with message 'An invalid configuration name has been requested: sLogLevel ' in /opt/lampp/htdocs/srm/CRM/src/ChurchCRM/dto/SystemConfig.php:253
Stack trace:
#0 /opt/lampp/htdocs/srm/CRM/src/Include/Functions.php(304): ChurchCRM\dto\SystemConfig::getValue('sLogLevel ')
#1 /opt/lampp/htdocs/srm/CRM/src/PersonEditor.php(475): RunQuery('INSERT INTO per...')
#2 {main}
  thrown in /opt/lampp/htdocs/srm/CRM/src/ChurchCRM/dto/SystemConfig.php on line 253
[22-Jun-2017 13:53:58 America/Sao_Paulo] PHP Fatal error:  Uncaught exception 'Exception' with message 'An invalid configuration name has been requested: sLogLevel ' in /opt/lampp/htdocs/srm/CRM/src/ChurchCRM/dto/SystemConfig.php:253
Stack trace:
#0 /opt/lampp/htdocs/srm/CRM/src/Include/Functions.php(304): ChurchCRM\dto\SystemConfig::getValue('sLogLevel ')
#1 /opt/lampp/htdocs/srm/CRM/src/PersonEditor.php(465): RunQuery('UPDATE person_p...')
#2 {main}
  thrown in /opt/lampp/htdocs/srm/CRM/src/ChurchCRM/dto/SystemConfig.php on line 253
[22-Jun-2017 13:59:31 America/Sao_Paulo] PHP Fatal error:  Uncaught exception 'Exception' with message 'An invalid configuration name has been requested: sLogLevel ' in /opt/lampp/htdocs/srm/CRM/src/ChurchCRM/dto/SystemConfig.php:253
Stack trace:
#0 /opt/lampp/htdocs/srm/CRM/src/Include/Functions.php(304): ChurchCRM\dto\SystemConfig::getValue('sLogLevel ')
#1 /opt/lampp/htdocs/srm/CRM/src/PersonEditor.php(466): RunQuery('UPDATE person_p...')
#2 {main}
  thrown in /opt/lampp/htdocs/srm/CRM/src/ChurchCRM/dto/SystemConfig.php on line 253
[22-Jun-2017 14:08:50 America/Sao_Paulo] UPDATE person_per SET per_Title = '',per_FirstName = 'Wladymir',per_MiddleName = 'Soares de', per_LastName = 'Brito', per_Suffix = '', per_Gender = 1, per_Diacono = 0, per_Presbitero = '1', per_Address1 = 'Joseph Bloch, 49', per_Address2 = 'Cobertura 03', per_Bairro = 'Fora da Ilha', per_City = 'Rio de Janeiro', per_State = 'RJ', per_Zip = '22031040', per_Country = 'Brazil (Brasil)', per_HomePhone = '(21) 2235-1790', per_WorkPhone = '', per_CellPhone = '(21) 97182-2100', per_Email = 'wladymir.brito@mackenzie.br', per_WorkEmail = '', per_BirthMonth = 1, per_BirthDay = 27, per_fam_ID = 20, per_Fmr_ID = 1, per_cls_ID = 7, per_MembershipDate = NULL, per_Envelope = 0, per_DateLastEdited = '20170622140850', per_EditedBy = 7, per_DiaconoDate =NULL, per_PresbiteroDate =NULL, per_BirthYear =NULL, per_Flags=0 WHERE per_ID = 62
[22-Jun-2017 14:15:59 America/Sao_Paulo] INSERT INTO person_per (per_Diacono, per_Presbitero, per_Title, per_FirstName, per_MiddleName, per_LastName, per_Suffix, per_Gender, per_Address1, per_Address2, per_Bairro, per_City, per_State, per_Zip, per_Country, per_HomePhone, per_WorkPhone, per_CellPhone, per_Email, per_WorkEmail, per_BirthDay, per_BirthMonth, per_Envelope, per_fam_ID, per_fmr_ID, per_MembershipDate, per_cls_ID, per_DateEntered, per_EnteredBy, per_DiaconoDate, per_BirthYear, per_PresbiteroDate, per_Flags )
			         VALUES ('0','0','','MARCIA','LOURENCO','VIDAL','',1,'Quirino Dos Santos, 339','','Jardim Guanabara','Rio de Janeiro','RJ','21931160','Brazil (Brasil)','','(___) ___-____ x_____','(__) _____-____','','',2,1,0,0,0,NULL,1,'20170622141559',7,NULL,NULL,NULL, 0)
[22-Jun-2017 14:16:51 America/Sao_Paulo] PHP Fatal error:  Uncaught exception 'Exception' with message 'An invalid configuration name has been requested: sLogLevel ' in /opt/lampp/htdocs/srm/CRM/src/ChurchCRM/dto/SystemConfig.php:253
Stack trace:
#0 /opt/lampp/htdocs/srm/CRM/src/Include/Functions.php(304): ChurchCRM\dto\SystemConfig::getValue('sLogLevel ')
#1 /opt/lampp/htdocs/srm/CRM/src/PersonEditor.php(477): RunQuery('INSERT INTO per...')
#2 {main}
  thrown in /opt/lampp/htdocs/srm/CRM/src/ChurchCRM/dto/SystemConfig.php on line 253
[22-Jun-2017 14:17:29 America/Sao_Paulo] PHP Fatal error:  Uncaught exception 'Exception' with message 'An invalid configuration name has been requested: sLogLevel ' in /opt/lampp/htdocs/srm/CRM/src/ChurchCRM/dto/SystemConfig.php:253
Stack trace:
#0 /opt/lampp/htdocs/srm/CRM/src/Include/Functions.php(304): ChurchCRM\dto\SystemConfig::getValue('sLogLevel ')
#1 /opt/lampp/htdocs/srm/CRM/src/PersonEditor.php(477): RunQuery('INSERT INTO per...')
#2 {main}
  thrown in /opt/lampp/htdocs/srm/CRM/src/ChurchCRM/dto/SystemConfig.php on line 253
[22-Jun-2017 14:18:38 America/Sao_Paulo] PHP Fatal error:  Uncaught exception 'Exception' with message 'An invalid configuration name has been requested: sLogLevel ' in /opt/lampp/htdocs/srm/CRM/src/ChurchCRM/dto/SystemConfig.php:253
Stack trace:
#0 /opt/lampp/htdocs/srm/CRM/src/Include/Functions.php(304): ChurchCRM\dto\SystemConfig::getValue('sLogLevel ')
#1 /opt/lampp/htdocs/srm/CRM/src/PersonEditor.php(477): RunQuery('INSERT INTO per...')
#2 {main}
  thrown in /opt/lampp/htdocs/srm/CRM/src/ChurchCRM/dto/SystemConfig.php on line 253
[22-Jun-2017 14:18:51 America/Sao_Paulo] PHP Fatal error:  Uncaught exception 'Exception' with message 'An invalid configuration name has been requested: sLogLevel ' in /opt/lampp/htdocs/srm/CRM/src/ChurchCRM/dto/SystemConfig.php:253
Stack trace:
#0 /opt/lampp/htdocs/srm/CRM/src/Include/Functions.php(304): ChurchCRM\dto\SystemConfig::getValue('sLogLevel ')
#1 /opt/lampp/htdocs/srm/CRM/src/PersonEditor.php(477): RunQuery('INSERT INTO per...')
#2 {main}
  thrown in /opt/lampp/htdocs/srm/CRM/src/ChurchCRM/dto/SystemConfig.php on line 253
[22-Jun-2017 14:22:16 America/Sao_Paulo] PHP Fatal error:  Uncaught exception 'Exception' with message 'An invalid configuration name has been requested: sLogLevel ' in /opt/lampp/htdocs/srm/CRM/src/ChurchCRM/dto/SystemConfig.php:253
Stack trace:
#0 /opt/lampp/htdocs/srm/CRM/src/Include/Functions.php(304): ChurchCRM\dto\SystemConfig::getValue('sLogLevel ')
#1 /opt/lampp/htdocs/srm/CRM/src/PersonEditor.php(477): RunQuery('INSERT INTO per...')
#2 {main}
  thrown in /opt/lampp/htdocs/srm/CRM/src/ChurchCRM/dto/SystemConfig.php on line 253
