[12-Jun-2017 09:35:47 America/Sao_Paulo] PHP Fatal error:  Uncaught exception 'Exception' with message 'An invalid configuration name has been requested: sLogLevel ' in /opt/lampp/htdocs/srm/CRM/src/ChurchCRM/dto/SystemConfig.php:252
Stack trace:
#0 /opt/lampp/htdocs/srm/CRM/src/Include/Functions.php(292): ChurchCRM\dto\SystemConfig::getValue('sLogLevel ')
#1 /opt/lampp/htdocs/srm/CRM/src/PersonEditor.php(428): RunQuery('INSERT INTO per...')
#2 {main}
  thrown in /opt/lampp/htdocs/srm/CRM/src/ChurchCRM/dto/SystemConfig.php on line 252
[12-Jun-2017 09:36:52 America/Sao_Paulo] PHP Fatal error:  Uncaught exception 'Exception' with message 'An invalid configuration name has been requested: sLogLevel ' in /opt/lampp/htdocs/srm/CRM/src/ChurchCRM/dto/SystemConfig.php:252
Stack trace:
#0 /opt/lampp/htdocs/srm/CRM/src/Include/Functions.php(292): ChurchCRM\dto\SystemConfig::getValue('sLogLevel ')
#1 /opt/lampp/htdocs/srm/CRM/src/PersonEditor.php(428): RunQuery('UPDATE person_p...')
#2 {main}
  thrown in /opt/lampp/htdocs/srm/CRM/src/ChurchCRM/dto/SystemConfig.php on line 252
[12-Jun-2017 09:37:37 America/Sao_Paulo] PHP Fatal error:  Uncaught exception 'Exception' with message 'An invalid configuration name has been requested: sLogLevel ' in /opt/lampp/htdocs/srm/CRM/src/ChurchCRM/dto/SystemConfig.php:252
Stack trace:
#0 /opt/lampp/htdocs/srm/CRM/src/Include/Functions.php(292): ChurchCRM\dto\SystemConfig::getValue('sLogLevel ')
#1 /opt/lampp/htdocs/srm/CRM/src/PersonEditor.php(428): RunQuery('UPDATE person_p...')
#2 {main}
  thrown in /opt/lampp/htdocs/srm/CRM/src/ChurchCRM/dto/SystemConfig.php on line 252
[12-Jun-2017 09:39:39 America/Sao_Paulo] PHP Fatal error:  Uncaught exception 'Exception' with message 'An invalid configuration name has been requested: sLogLevel ' in /opt/lampp/htdocs/srm/CRM/src/ChurchCRM/dto/SystemConfig.php:252
Stack trace:
#0 /opt/lampp/htdocs/srm/CRM/src/Include/Functions.php(292): ChurchCRM\dto\SystemConfig::getValue('sLogLevel ')
#1 /opt/lampp/htdocs/srm/CRM/src/PersonEditor.php(428): RunQuery('UPDATE person_p...')
#2 {main}
  thrown in /opt/lampp/htdocs/srm/CRM/src/ChurchCRM/dto/SystemConfig.php on line 252
[12-Jun-2017 09:44:32 America/Sao_Paulo] PHP Fatal error:  Uncaught exception 'Exception' with message 'An invalid configuration name has been requested: sLogLevel ' in /opt/lampp/htdocs/srm/CRM/src/ChurchCRM/dto/SystemConfig.php:252
Stack trace:
#0 /opt/lampp/htdocs/srm/CRM/src/Include/Functions.php(292): ChurchCRM\dto\SystemConfig::getValue('sLogLevel ')
#1 /opt/lampp/htdocs/srm/CRM/src/PersonEditor.php(428): RunQuery('UPDATE person_p...')
#2 {main}
  thrown in /opt/lampp/htdocs/srm/CRM/src/ChurchCRM/dto/SystemConfig.php on line 252
[12-Jun-2017 09:47:48 America/Sao_Paulo] PHP Fatal error:  Uncaught exception 'Exception' with message 'An invalid configuration name has been requested: sLogLevel ' in /opt/lampp/htdocs/srm/CRM/src/ChurchCRM/dto/SystemConfig.php:252
Stack trace:
#0 /opt/lampp/htdocs/srm/CRM/src/Include/Functions.php(292): ChurchCRM\dto\SystemConfig::getValue('sLogLevel ')
#1 /opt/lampp/htdocs/srm/CRM/src/PersonEditor.php(428): RunQuery('UPDATE person_p...')
#2 {main}
  thrown in /opt/lampp/htdocs/srm/CRM/src/ChurchCRM/dto/SystemConfig.php on line 252
[12-Jun-2017 09:48:27 America/Sao_Paulo] PHP Fatal error:  Uncaught exception 'Exception' with message 'An invalid configuration name has been requested: sLogLevel ' in /opt/lampp/htdocs/srm/CRM/src/ChurchCRM/dto/SystemConfig.php:252
Stack trace:
#0 /opt/lampp/htdocs/srm/CRM/src/Include/Functions.php(292): ChurchCRM\dto\SystemConfig::getValue('sLogLevel ')
#1 /opt/lampp/htdocs/srm/CRM/src/PersonEditor.php(428): RunQuery('UPDATE person_p...')
#2 {main}
  thrown in /opt/lampp/htdocs/srm/CRM/src/ChurchCRM/dto/SystemConfig.php on line 252
[12-Jun-2017 09:48:35 America/Sao_Paulo] PHP Fatal error:  Uncaught exception 'Exception' with message 'An invalid configuration name has been requested: sLogLevel ' in /opt/lampp/htdocs/srm/CRM/src/ChurchCRM/dto/SystemConfig.php:252
Stack trace:
#0 /opt/lampp/htdocs/srm/CRM/src/Include/Functions.php(292): ChurchCRM\dto\SystemConfig::getValue('sLogLevel ')
#1 /opt/lampp/htdocs/srm/CRM/src/PersonEditor.php(428): RunQuery('UPDATE person_p...')
#2 {main}
  thrown in /opt/lampp/htdocs/srm/CRM/src/ChurchCRM/dto/SystemConfig.php on line 252
[12-Jun-2017 09:50:53 America/Sao_Paulo] PHP Fatal error:  Uncaught exception 'Exception' with message 'An invalid configuration name has been requested: sLogLevel ' in /opt/lampp/htdocs/srm/CRM/src/ChurchCRM/dto/SystemConfig.php:252
Stack trace:
#0 /opt/lampp/htdocs/srm/CRM/src/Include/Functions.php(292): ChurchCRM\dto\SystemConfig::getValue('sLogLevel ')
#1 /opt/lampp/htdocs/srm/CRM/src/PersonEditor.php(428): RunQuery('UPDATE person_p...')
#2 {main}
  thrown in /opt/lampp/htdocs/srm/CRM/src/ChurchCRM/dto/SystemConfig.php on line 252
[12-Jun-2017 09:53:36 America/Sao_Paulo] PHP Fatal error:  Uncaught exception 'Exception' with message 'An invalid configuration name has been requested: sLogLevel ' in /opt/lampp/htdocs/srm/CRM/src/ChurchCRM/dto/SystemConfig.php:252
Stack trace:
#0 /opt/lampp/htdocs/srm/CRM/src/Include/Functions.php(292): ChurchCRM\dto\SystemConfig::getValue('sLogLevel ')
#1 /opt/lampp/htdocs/srm/CRM/src/PersonEditor.php(428): RunQuery('UPDATE person_p...')
#2 {main}
  thrown in /opt/lampp/htdocs/srm/CRM/src/ChurchCRM/dto/SystemConfig.php on line 252
[12-Jun-2017 11:19:07 America/Sao_Paulo] PHP Fatal error:  Uncaught exception 'Exception' with message 'An invalid configuration name has been requested: sLogLevel ' in /opt/lampp/htdocs/srm/CRM/src/ChurchCRM/dto/SystemConfig.php:252
Stack trace:
#0 /opt/lampp/htdocs/srm/CRM/src/Include/Functions.php(292): ChurchCRM\dto\SystemConfig::getValue('sLogLevel ')
#1 /opt/lampp/htdocs/srm/CRM/src/PersonEditor.php(428): RunQuery('UPDATE person_p...')
#2 {main}
  thrown in /opt/lampp/htdocs/srm/CRM/src/ChurchCRM/dto/SystemConfig.php on line 252
[12-Jun-2017 11:20:21 America/Sao_Paulo] PHP Fatal error:  Uncaught exception 'Exception' with message 'An invalid configuration name has been requested: sLogLevel ' in /opt/lampp/htdocs/srm/CRM/src/ChurchCRM/dto/SystemConfig.php:252
Stack trace:
#0 /opt/lampp/htdocs/srm/CRM/src/Include/Functions.php(292): ChurchCRM\dto\SystemConfig::getValue('sLogLevel ')
#1 /opt/lampp/htdocs/srm/CRM/src/PersonEditor.php(428): RunQuery('UPDATE person_p...')
#2 {main}
  thrown in /opt/lampp/htdocs/srm/CRM/src/ChurchCRM/dto/SystemConfig.php on line 252
[12-Jun-2017 11:21:30 America/Sao_Paulo] PHP Fatal error:  Uncaught exception 'Exception' with message 'An invalid configuration name has been requested: sLogLevel ' in /opt/lampp/htdocs/srm/CRM/src/ChurchCRM/dto/SystemConfig.php:252
Stack trace:
#0 /opt/lampp/htdocs/srm/CRM/src/Include/Functions.php(292): ChurchCRM\dto\SystemConfig::getValue('sLogLevel ')
#1 /opt/lampp/htdocs/srm/CRM/src/PersonEditor.php(428): RunQuery('UPDATE person_p...')
#2 {main}
  thrown in /opt/lampp/htdocs/srm/CRM/src/ChurchCRM/dto/SystemConfig.php on line 252
[12-Jun-2017 11:24:00 America/Sao_Paulo] PHP Fatal error:  Uncaught exception 'Exception' with message 'An invalid configuration name has been requested: sLogLevel ' in /opt/lampp/htdocs/srm/CRM/src/ChurchCRM/dto/SystemConfig.php:252
Stack trace:
#0 /opt/lampp/htdocs/srm/CRM/src/Include/Functions.php(292): ChurchCRM\dto\SystemConfig::getValue('sLogLevel ')
#1 /opt/lampp/htdocs/srm/CRM/src/PersonEditor.php(428): RunQuery('UPDATE person_p...')
#2 {main}
  thrown in /opt/lampp/htdocs/srm/CRM/src/ChurchCRM/dto/SystemConfig.php on line 252
[12-Jun-2017 11:24:52 America/Sao_Paulo] PHP Fatal error:  Uncaught exception 'Exception' with message 'An invalid configuration name has been requested: sLogLevel ' in /opt/lampp/htdocs/srm/CRM/src/ChurchCRM/dto/SystemConfig.php:252
Stack trace:
#0 /opt/lampp/htdocs/srm/CRM/src/Include/Functions.php(292): ChurchCRM\dto\SystemConfig::getValue('sLogLevel ')
#1 /opt/lampp/htdocs/srm/CRM/src/PersonEditor.php(428): RunQuery('UPDATE person_p...')
#2 {main}
  thrown in /opt/lampp/htdocs/srm/CRM/src/ChurchCRM/dto/SystemConfig.php on line 252
[12-Jun-2017 11:25:47 America/Sao_Paulo] PHP Fatal error:  Uncaught exception 'Exception' with message 'An invalid configuration name has been requested: sLogLevel ' in /opt/lampp/htdocs/srm/CRM/src/ChurchCRM/dto/SystemConfig.php:252
Stack trace:
#0 /opt/lampp/htdocs/srm/CRM/src/Include/Functions.php(292): ChurchCRM\dto\SystemConfig::getValue('sLogLevel ')
#1 /opt/lampp/htdocs/srm/CRM/src/PersonEditor.php(428): RunQuery('UPDATE person_p...')
#2 {main}
  thrown in /opt/lampp/htdocs/srm/CRM/src/ChurchCRM/dto/SystemConfig.php on line 252
[12-Jun-2017 11:26:45 America/Sao_Paulo] PHP Fatal error:  Uncaught exception 'Exception' with message 'An invalid configuration name has been requested: sLogLevel ' in /opt/lampp/htdocs/srm/CRM/src/ChurchCRM/dto/SystemConfig.php:252
Stack trace:
#0 /opt/lampp/htdocs/srm/CRM/src/Include/Functions.php(292): ChurchCRM\dto\SystemConfig::getValue('sLogLevel ')
#1 /opt/lampp/htdocs/srm/CRM/src/PersonEditor.php(423): RunQuery('UPDATE person_p...')
#2 {main}
  thrown in /opt/lampp/htdocs/srm/CRM/src/ChurchCRM/dto/SystemConfig.php on line 252
[12-Jun-2017 11:44:37 America/Sao_Paulo] PHP Fatal error:  Uncaught exception 'Exception' with message 'An invalid configuration name has been requested: sLogLevel ' in /opt/lampp/htdocs/srm/CRM/src/ChurchCRM/dto/SystemConfig.php:252
Stack trace:
#0 /opt/lampp/htdocs/srm/CRM/src/Include/Functions.php(292): ChurchCRM\dto\SystemConfig::getValue('sLogLevel ')
#1 /opt/lampp/htdocs/srm/CRM/src/PersonEditor.php(421): RunQuery('UPDATE person_p...')
#2 {main}
  thrown in /opt/lampp/htdocs/srm/CRM/src/ChurchCRM/dto/SystemConfig.php on line 252
[12-Jun-2017 11:51:14 America/Sao_Paulo] PHP Fatal error:  Uncaught exception 'Exception' with message 'An invalid configuration name has been requested: sLogLevel ' in /opt/lampp/htdocs/srm/CRM/src/ChurchCRM/dto/SystemConfig.php:252
Stack trace:
#0 /opt/lampp/htdocs/srm/CRM/src/Include/Functions.php(292): ChurchCRM\dto\SystemConfig::getValue('sLogLevel ')
#1 /opt/lampp/htdocs/srm/CRM/src/PersonEditor.php(428): RunQuery('INSERT INTO per...')
#2 {main}
  thrown in /opt/lampp/htdocs/srm/CRM/src/ChurchCRM/dto/SystemConfig.php on line 252
[12-Jun-2017 11:52:53 America/Sao_Paulo] PHP Fatal error:  Uncaught exception 'Exception' with message 'An invalid configuration name has been requested: sLogLevel ' in /opt/lampp/htdocs/srm/CRM/src/ChurchCRM/dto/SystemConfig.php:252
Stack trace:
#0 /opt/lampp/htdocs/srm/CRM/src/Include/Functions.php(292): ChurchCRM\dto\SystemConfig::getValue('sLogLevel ')
#1 /opt/lampp/htdocs/srm/CRM/src/PersonEditor.php(428): RunQuery('INSERT INTO per...')
#2 {main}
  thrown in /opt/lampp/htdocs/srm/CRM/src/ChurchCRM/dto/SystemConfig.php on line 252
[12-Jun-2017 11:54:48 America/Sao_Paulo] PHP Fatal error:  Uncaught exception 'Exception' with message 'An invalid configuration name has been requested: sLogLevel ' in /opt/lampp/htdocs/srm/CRM/src/ChurchCRM/dto/SystemConfig.php:252
Stack trace:
#0 /opt/lampp/htdocs/srm/CRM/src/Include/Functions.php(292): ChurchCRM\dto\SystemConfig::getValue('sLogLevel ')
#1 /opt/lampp/htdocs/srm/CRM/src/PersonEditor.php(428): RunQuery('INSERT INTO per...')
#2 {main}
  thrown in /opt/lampp/htdocs/srm/CRM/src/ChurchCRM/dto/SystemConfig.php on line 252
[12-Jun-2017 12:00:40 America/Sao_Paulo] PHP Fatal error:  Uncaught exception 'Exception' with message 'An invalid configuration name has been requested: sLogLevel ' in /opt/lampp/htdocs/srm/CRM/src/ChurchCRM/dto/SystemConfig.php:252
Stack trace:
#0 /opt/lampp/htdocs/srm/CRM/src/Include/Functions.php(292): ChurchCRM\dto\SystemConfig::getValue('sLogLevel ')
#1 /opt/lampp/htdocs/srm/CRM/src/PersonEditor.php(428): RunQuery('INSERT INTO per...')
#2 {main}
  thrown in /opt/lampp/htdocs/srm/CRM/src/ChurchCRM/dto/SystemConfig.php on line 252
[12-Jun-2017 12:01:21 America/Sao_Paulo] PHP Fatal error:  Uncaught exception 'Exception' with message 'An invalid configuration name has been requested: sLogLevel ' in /opt/lampp/htdocs/srm/CRM/src/ChurchCRM/dto/SystemConfig.php:252
Stack trace:
#0 /opt/lampp/htdocs/srm/CRM/src/Include/Functions.php(292): ChurchCRM\dto\SystemConfig::getValue('sLogLevel ')
#1 /opt/lampp/htdocs/srm/CRM/src/PersonEditor.php(428): RunQuery('INSERT INTO per...')
#2 {main}
  thrown in /opt/lampp/htdocs/srm/CRM/src/ChurchCRM/dto/SystemConfig.php on line 252
[12-Jun-2017 12:02:54 America/Sao_Paulo] PHP Fatal error:  Uncaught exception 'Exception' with message 'An invalid configuration name has been requested: sLogLevel ' in /opt/lampp/htdocs/srm/CRM/src/ChurchCRM/dto/SystemConfig.php:252
Stack trace:
#0 /opt/lampp/htdocs/srm/CRM/src/Include/Functions.php(292): ChurchCRM\dto\SystemConfig::getValue('sLogLevel ')
#1 /opt/lampp/htdocs/srm/CRM/src/PersonEditor.php(428): RunQuery('INSERT INTO per...')
#2 {main}
  thrown in /opt/lampp/htdocs/srm/CRM/src/ChurchCRM/dto/SystemConfig.php on line 252
[12-Jun-2017 12:03:55 America/Sao_Paulo] PHP Fatal error:  Uncaught exception 'Exception' with message 'An invalid configuration name has been requested: sLogLevel ' in /opt/lampp/htdocs/srm/CRM/src/ChurchCRM/dto/SystemConfig.php:252
Stack trace:
#0 /opt/lampp/htdocs/srm/CRM/src/Include/Functions.php(292): ChurchCRM\dto\SystemConfig::getValue('sLogLevel ')
#1 /opt/lampp/htdocs/srm/CRM/src/PersonEditor.php(423): RunQuery('INSERT INTO per...')
#2 {main}
  thrown in /opt/lampp/htdocs/srm/CRM/src/ChurchCRM/dto/SystemConfig.php on line 252
[12-Jun-2017 12:05:17 America/Sao_Paulo] PHP Fatal error:  Uncaught exception 'Exception' with message 'An invalid configuration name has been requested: sLogLevel ' in /opt/lampp/htdocs/srm/CRM/src/ChurchCRM/dto/SystemConfig.php:252
Stack trace:
#0 /opt/lampp/htdocs/srm/CRM/src/Include/Functions.php(292): ChurchCRM\dto\SystemConfig::getValue('sLogLevel ')
#1 /opt/lampp/htdocs/srm/CRM/src/PersonEditor.php(424): RunQuery('INSERT INTO per...')
#2 {main}
  thrown in /opt/lampp/htdocs/srm/CRM/src/ChurchCRM/dto/SystemConfig.php on line 252
[12-Jun-2017 12:05:47 America/Sao_Paulo] PHP Fatal error:  Uncaught exception 'Exception' with message 'An invalid configuration name has been requested: sLogLevel ' in /opt/lampp/htdocs/srm/CRM/src/ChurchCRM/dto/SystemConfig.php:252
Stack trace:
#0 /opt/lampp/htdocs/srm/CRM/src/Include/Functions.php(292): ChurchCRM\dto\SystemConfig::getValue('sLogLevel ')
#1 /opt/lampp/htdocs/srm/CRM/src/PersonEditor.php(424): RunQuery('INSERT INTO per...')
#2 {main}
  thrown in /opt/lampp/htdocs/srm/CRM/src/ChurchCRM/dto/SystemConfig.php on line 252
[12-Jun-2017 12:05:57 America/Sao_Paulo] PHP Fatal error:  Uncaught exception 'Exception' with message 'An invalid configuration name has been requested: sLogLevel ' in /opt/lampp/htdocs/srm/CRM/src/ChurchCRM/dto/SystemConfig.php:252
Stack trace:
#0 /opt/lampp/htdocs/srm/CRM/src/Include/Functions.php(292): ChurchCRM\dto\SystemConfig::getValue('sLogLevel ')
#1 /opt/lampp/htdocs/srm/CRM/src/PersonEditor.php(424): RunQuery('INSERT INTO per...')
#2 {main}
  thrown in /opt/lampp/htdocs/srm/CRM/src/ChurchCRM/dto/SystemConfig.php on line 252
[12-Jun-2017 12:10:12 America/Sao_Paulo] PHP Fatal error:  Uncaught exception 'Exception' with message 'An invalid configuration name has been requested: sLogLevel ' in /opt/lampp/htdocs/srm/CRM/src/ChurchCRM/dto/SystemConfig.php:252
Stack trace:
#0 /opt/lampp/htdocs/srm/CRM/src/Include/Functions.php(292): ChurchCRM\dto\SystemConfig::getValue('sLogLevel ')
#1 /opt/lampp/htdocs/srm/CRM/src/PersonEditor.php(424): RunQuery('INSERT INTO per...')
#2 {main}
  thrown in /opt/lampp/htdocs/srm/CRM/src/ChurchCRM/dto/SystemConfig.php on line 252
[12-Jun-2017 12:14:24 America/Sao_Paulo] PHP Fatal error:  Uncaught exception 'Exception' with message 'An invalid configuration name has been requested: sLogLevel ' in /opt/lampp/htdocs/srm/CRM/src/ChurchCRM/dto/SystemConfig.php:252
Stack trace:
#0 /opt/lampp/htdocs/srm/CRM/src/Include/Functions.php(292): ChurchCRM\dto\SystemConfig::getValue('sLogLevel ')
#1 /opt/lampp/htdocs/srm/CRM/src/PersonEditor.php(436): RunQuery('INSERT INTO per...')
#2 {main}
  thrown in /opt/lampp/htdocs/srm/CRM/src/ChurchCRM/dto/SystemConfig.php on line 252
[12-Jun-2017 12:16:35 America/Sao_Paulo] PHP Fatal error:  Uncaught exception 'Exception' with message 'An invalid configuration name has been requested: sLogLevel ' in /opt/lampp/htdocs/srm/CRM/src/ChurchCRM/dto/SystemConfig.php:252
Stack trace:
#0 /opt/lampp/htdocs/srm/CRM/src/Include/Functions.php(292): ChurchCRM\dto\SystemConfig::getValue('sLogLevel ')
#1 /opt/lampp/htdocs/srm/CRM/src/PersonEditor.php(436): RunQuery('INSERT INTO per...')
#2 {main}
  thrown in /opt/lampp/htdocs/srm/CRM/src/ChurchCRM/dto/SystemConfig.php on line 252
[12-Jun-2017 12:26:21 America/Sao_Paulo] PHP Fatal error:  Uncaught exception 'Exception' with message 'An invalid configuration name has been requested: sLogLevel ' in /opt/lampp/htdocs/srm/CRM/src/ChurchCRM/dto/SystemConfig.php:252
Stack trace:
#0 /opt/lampp/htdocs/srm/CRM/src/Include/Functions.php(292): ChurchCRM\dto\SystemConfig::getValue('sLogLevel ')
#1 /opt/lampp/htdocs/srm/CRM/src/PersonEditor.php(431): RunQuery('INSERT INTO per...')
#2 {main}
  thrown in /opt/lampp/htdocs/srm/CRM/src/ChurchCRM/dto/SystemConfig.php on line 252
[12-Jun-2017 12:27:13 America/Sao_Paulo] PHP Fatal error:  Uncaught exception 'Exception' with message 'An invalid configuration name has been requested: sLogLevel ' in /opt/lampp/htdocs/srm/CRM/src/ChurchCRM/dto/SystemConfig.php:252
Stack trace:
#0 /opt/lampp/htdocs/srm/CRM/src/Include/Functions.php(292): ChurchCRM\dto\SystemConfig::getValue('sLogLevel ')
#1 /opt/lampp/htdocs/srm/CRM/src/PersonEditor.php(441): RunQuery('INSERT INTO per...')
#2 {main}
  thrown in /opt/lampp/htdocs/srm/CRM/src/ChurchCRM/dto/SystemConfig.php on line 252
[12-Jun-2017 12:36:32 America/Sao_Paulo] PHP Fatal error:  Uncaught exception 'Exception' with message 'An invalid configuration name has been requested: sLogLevel ' in /opt/lampp/htdocs/srm/CRM/src/ChurchCRM/dto/SystemConfig.php:252
Stack trace:
#0 /opt/lampp/htdocs/srm/CRM/src/Include/Functions.php(292): ChurchCRM\dto\SystemConfig::getValue('sLogLevel ')
#1 /opt/lampp/htdocs/srm/CRM/src/PersonEditor.php(441): RunQuery('INSERT INTO per...')
#2 {main}
  thrown in /opt/lampp/htdocs/srm/CRM/src/ChurchCRM/dto/SystemConfig.php on line 252
[12-Jun-2017 12:37:49 America/Sao_Paulo] PHP Fatal error:  Uncaught exception 'Exception' with message 'An invalid configuration name has been requested: sLogLevel ' in /opt/lampp/htdocs/srm/CRM/src/ChurchCRM/dto/SystemConfig.php:252
Stack trace:
#0 /opt/lampp/htdocs/srm/CRM/src/Include/Functions.php(292): ChurchCRM\dto\SystemConfig::getValue('sLogLevel ')
#1 /opt/lampp/htdocs/srm/CRM/src/PersonView.php(68): RunQuery('SELECT a.*, fam...')
#2 {main}
  thrown in /opt/lampp/htdocs/srm/CRM/src/ChurchCRM/dto/SystemConfig.php on line 252
[12-Jun-2017 12:38:01 America/Sao_Paulo] PHP Fatal error:  Uncaught exception 'Exception' with message 'An invalid configuration name has been requested: sLogLevel ' in /opt/lampp/htdocs/srm/CRM/src/ChurchCRM/dto/SystemConfig.php:252
Stack trace:
#0 /opt/lampp/htdocs/srm/CRM/src/Include/Functions.php(292): ChurchCRM\dto\SystemConfig::getValue('sLogLevel ')
#1 /opt/lampp/htdocs/srm/CRM/src/PersonView.php(68): RunQuery('SELECT a.*, fam...')
#2 {main}
  thrown in /opt/lampp/htdocs/srm/CRM/src/ChurchCRM/dto/SystemConfig.php on line 252
[12-Jun-2017 12:39:00 America/Sao_Paulo] PHP Fatal error:  Uncaught exception 'Exception' with message 'An invalid configuration name has been requested: sLogLevel ' in /opt/lampp/htdocs/srm/CRM/src/ChurchCRM/dto/SystemConfig.php:252
Stack trace:
#0 /opt/lampp/htdocs/srm/CRM/src/Include/Functions.php(292): ChurchCRM\dto\SystemConfig::getValue('sLogLevel ')
#1 /opt/lampp/htdocs/srm/CRM/src/PersonView.php(68): RunQuery('SELECT a.*, fam...')
#2 {main}
  thrown in /opt/lampp/htdocs/srm/CRM/src/ChurchCRM/dto/SystemConfig.php on line 252
[12-Jun-2017 12:39:26 America/Sao_Paulo] PHP Fatal error:  Uncaught exception 'Exception' with message 'An invalid configuration name has been requested: sLogLevel ' in /opt/lampp/htdocs/srm/CRM/src/ChurchCRM/dto/SystemConfig.php:252
Stack trace:
#0 /opt/lampp/htdocs/srm/CRM/src/Include/Functions.php(292): ChurchCRM\dto\SystemConfig::getValue('sLogLevel ')
#1 /opt/lampp/htdocs/srm/CRM/src/PersonEditor.php(426): RunQuery('INSERT INTO per...')
#2 {main}
  thrown in /opt/lampp/htdocs/srm/CRM/src/ChurchCRM/dto/SystemConfig.php on line 252
[12-Jun-2017 12:39:47 America/Sao_Paulo] PHP Fatal error:  Uncaught exception 'Exception' with message 'An invalid configuration name has been requested: sLogLevel ' in /opt/lampp/htdocs/srm/CRM/src/ChurchCRM/dto/SystemConfig.php:252
Stack trace:
#0 /opt/lampp/htdocs/srm/CRM/src/Include/Functions.php(292): ChurchCRM\dto\SystemConfig::getValue('sLogLevel ')
#1 /opt/lampp/htdocs/srm/CRM/src/PersonEditor.php(436): RunQuery('INSERT INTO per...')
#2 {main}
  thrown in /opt/lampp/htdocs/srm/CRM/src/ChurchCRM/dto/SystemConfig.php on line 252
[12-Jun-2017 12:41:24 America/Sao_Paulo] PHP Fatal error:  Uncaught exception 'Exception' with message 'An invalid configuration name has been requested: sLogLevel ' in /opt/lampp/htdocs/srm/CRM/src/ChurchCRM/dto/SystemConfig.php:252
Stack trace:
#0 /opt/lampp/htdocs/srm/CRM/src/Include/Functions.php(292): ChurchCRM\dto\SystemConfig::getValue('sLogLevel ')
#1 /opt/lampp/htdocs/srm/CRM/src/PersonEditor.php(436): RunQuery('INSERT INTO per...')
#2 {main}
  thrown in /opt/lampp/htdocs/srm/CRM/src/ChurchCRM/dto/SystemConfig.php on line 252
[12-Jun-2017 12:47:43 America/Sao_Paulo] PHP Fatal error:  Uncaught exception 'Exception' with message 'An invalid configuration name has been requested: sLogLevel ' in /opt/lampp/htdocs/srm/CRM/src/ChurchCRM/dto/SystemConfig.php:252
Stack trace:
#0 /opt/lampp/htdocs/srm/CRM/src/Include/Functions.php(292): ChurchCRM\dto\SystemConfig::getValue('sLogLevel ')
#1 /opt/lampp/htdocs/srm/CRM/src/PersonEditor.php(436): RunQuery('INSERT INTO per...')
#2 {main}
  thrown in /opt/lampp/htdocs/srm/CRM/src/ChurchCRM/dto/SystemConfig.php on line 252
[12-Jun-2017 12:49:59 America/Sao_Paulo] PHP Fatal error:  Uncaught exception 'Exception' with message 'An invalid configuration name has been requested: sLogLevel ' in /opt/lampp/htdocs/srm/CRM/src/ChurchCRM/dto/SystemConfig.php:252
Stack trace:
#0 /opt/lampp/htdocs/srm/CRM/src/Include/Functions.php(292): ChurchCRM\dto\SystemConfig::getValue('sLogLevel ')
#1 /opt/lampp/htdocs/srm/CRM/src/PersonEditor.php(436): RunQuery('INSERT INTO per...')
#2 {main}
  thrown in /opt/lampp/htdocs/srm/CRM/src/ChurchCRM/dto/SystemConfig.php on line 252
[12-Jun-2017 12:52:45 America/Sao_Paulo] PHP Fatal error:  Uncaught exception 'Exception' with message 'An invalid configuration name has been requested: sLogLevel ' in /opt/lampp/htdocs/srm/CRM/src/ChurchCRM/dto/SystemConfig.php:252
Stack trace:
#0 /opt/lampp/htdocs/srm/CRM/src/Include/Functions.php(292): ChurchCRM\dto\SystemConfig::getValue('sLogLevel ')
#1 /opt/lampp/htdocs/srm/CRM/src/PersonEditor.php(436): RunQuery('INSERT INTO per...')
#2 {main}
  thrown in /opt/lampp/htdocs/srm/CRM/src/ChurchCRM/dto/SystemConfig.php on line 252
[12-Jun-2017 12:57:16 America/Sao_Paulo] PHP Fatal error:  Uncaught exception 'Exception' with message 'An invalid configuration name has been requested: sLogLevel ' in /opt/lampp/htdocs/srm/CRM/src/ChurchCRM/dto/SystemConfig.php:252
Stack trace:
#0 /opt/lampp/htdocs/srm/CRM/src/Include/Functions.php(292): ChurchCRM\dto\SystemConfig::getValue('sLogLevel ')
#1 /opt/lampp/htdocs/srm/CRM/src/PersonEditor.php(436): RunQuery('INSERT INTO per...')
#2 {main}
  thrown in /opt/lampp/htdocs/srm/CRM/src/ChurchCRM/dto/SystemConfig.php on line 252
[12-Jun-2017 12:59:45 America/Sao_Paulo] PHP Fatal error:  Uncaught exception 'Exception' with message 'An invalid configuration name has been requested: sLogLevel ' in /opt/lampp/htdocs/srm/CRM/src/ChurchCRM/dto/SystemConfig.php:252
Stack trace:
#0 /opt/lampp/htdocs/srm/CRM/src/Include/Functions.php(292): ChurchCRM\dto\SystemConfig::getValue('sLogLevel ')
#1 /opt/lampp/htdocs/srm/CRM/src/PersonEditor.php(436): RunQuery('INSERT INTO per...')
#2 {main}
  thrown in /opt/lampp/htdocs/srm/CRM/src/ChurchCRM/dto/SystemConfig.php on line 252
[12-Jun-2017 13:00:33 America/Sao_Paulo] PHP Fatal error:  Uncaught exception 'Exception' with message 'An invalid configuration name has been requested: sLogLevel ' in /opt/lampp/htdocs/srm/CRM/src/ChurchCRM/dto/SystemConfig.php:252
Stack trace:
#0 /opt/lampp/htdocs/srm/CRM/src/Include/Functions.php(292): ChurchCRM\dto\SystemConfig::getValue('sLogLevel ')
#1 /opt/lampp/htdocs/srm/CRM/src/PersonEditor.php(436): RunQuery('INSERT INTO per...')
#2 {main}
  thrown in /opt/lampp/htdocs/srm/CRM/src/ChurchCRM/dto/SystemConfig.php on line 252
[12-Jun-2017 13:02:55 America/Sao_Paulo] PHP Fatal error:  Uncaught exception 'Exception' with message 'An invalid configuration name has been requested: sLogLevel ' in /opt/lampp/htdocs/srm/CRM/src/ChurchCRM/dto/SystemConfig.php:252
Stack trace:
#0 /opt/lampp/htdocs/srm/CRM/src/Include/Functions.php(292): ChurchCRM\dto\SystemConfig::getValue('sLogLevel ')
#1 /opt/lampp/htdocs/srm/CRM/src/PersonEditor.php(436): RunQuery('INSERT INTO per...')
#2 {main}
  thrown in /opt/lampp/htdocs/srm/CRM/src/ChurchCRM/dto/SystemConfig.php on line 252
[12-Jun-2017 13:06:33 America/Sao_Paulo] PHP Fatal error:  Uncaught exception 'Exception' with message 'An invalid configuration name has been requested: sLogLevel ' in /opt/lampp/htdocs/srm/CRM/src/ChurchCRM/dto/SystemConfig.php:252
Stack trace:
#0 /opt/lampp/htdocs/srm/CRM/src/Include/Functions.php(292): ChurchCRM\dto\SystemConfig::getValue('sLogLevel ')
#1 /opt/lampp/htdocs/srm/CRM/src/PersonEditor.php(436): RunQuery('INSERT INTO per...')
#2 {main}
  thrown in /opt/lampp/htdocs/srm/CRM/src/ChurchCRM/dto/SystemConfig.php on line 252
[12-Jun-2017 13:07:54 America/Sao_Paulo] PHP Fatal error:  Uncaught exception 'Exception' with message 'An invalid configuration name has been requested: sLogLevel ' in /opt/lampp/htdocs/srm/CRM/src/ChurchCRM/dto/SystemConfig.php:252
Stack trace:
#0 /opt/lampp/htdocs/srm/CRM/src/Include/Functions.php(292): ChurchCRM\dto\SystemConfig::getValue('sLogLevel ')
#1 /opt/lampp/htdocs/srm/CRM/src/PersonEditor.php(436): RunQuery('INSERT INTO per...')
#2 {main}
  thrown in /opt/lampp/htdocs/srm/CRM/src/ChurchCRM/dto/SystemConfig.php on line 252
[12-Jun-2017 13:08:40 America/Sao_Paulo] PHP Fatal error:  Uncaught exception 'Exception' with message 'An invalid configuration name has been requested: sLogLevel ' in /opt/lampp/htdocs/srm/CRM/src/ChurchCRM/dto/SystemConfig.php:252
Stack trace:
#0 /opt/lampp/htdocs/srm/CRM/src/Include/Functions.php(292): ChurchCRM\dto\SystemConfig::getValue('sLogLevel ')
#1 /opt/lampp/htdocs/srm/CRM/src/PersonEditor.php(436): RunQuery('INSERT INTO per...')
#2 {main}
  thrown in /opt/lampp/htdocs/srm/CRM/src/ChurchCRM/dto/SystemConfig.php on line 252
[12-Jun-2017 13:14:02 America/Sao_Paulo] PHP Fatal error:  Uncaught exception 'Exception' with message 'An invalid configuration name has been requested: sLogLevel ' in /opt/lampp/htdocs/srm/CRM/src/ChurchCRM/dto/SystemConfig.php:252
Stack trace:
#0 /opt/lampp/htdocs/srm/CRM/src/Include/Functions.php(292): ChurchCRM\dto\SystemConfig::getValue('sLogLevel ')
#1 /opt/lampp/htdocs/srm/CRM/src/PersonEditor.php(436): RunQuery('INSERT INTO per...')
#2 {main}
  thrown in /opt/lampp/htdocs/srm/CRM/src/ChurchCRM/dto/SystemConfig.php on line 252
[12-Jun-2017 13:14:25 America/Sao_Paulo] PHP Fatal error:  Uncaught exception 'Exception' with message 'An invalid configuration name has been requested: sLogLevel ' in /opt/lampp/htdocs/srm/CRM/src/ChurchCRM/dto/SystemConfig.php:252
Stack trace:
#0 /opt/lampp/htdocs/srm/CRM/src/Include/Functions.php(292): ChurchCRM\dto\SystemConfig::getValue('sLogLevel ')
#1 /opt/lampp/htdocs/srm/CRM/src/PersonEditor.php(436): RunQuery('INSERT INTO per...')
#2 {main}
  thrown in /opt/lampp/htdocs/srm/CRM/src/ChurchCRM/dto/SystemConfig.php on line 252
[12-Jun-2017 13:17:04 America/Sao_Paulo] PHP Fatal error:  Uncaught exception 'Exception' with message 'An invalid configuration name has been requested: sLogLevel ' in /opt/lampp/htdocs/srm/CRM/src/ChurchCRM/dto/SystemConfig.php:252
Stack trace:
#0 /opt/lampp/htdocs/srm/CRM/src/Include/Functions.php(292): ChurchCRM\dto\SystemConfig::getValue('sLogLevel ')
#1 /opt/lampp/htdocs/srm/CRM/src/PersonEditor.php(441): RunQuery('INSERT INTO per...')
#2 {main}
  thrown in /opt/lampp/htdocs/srm/CRM/src/ChurchCRM/dto/SystemConfig.php on line 252
[12-Jun-2017 13:18:24 America/Sao_Paulo] PHP Fatal error:  Uncaught exception 'Exception' with message 'An invalid configuration name has been requested: sLogLevel ' in /opt/lampp/htdocs/srm/CRM/src/ChurchCRM/dto/SystemConfig.php:252
Stack trace:
#0 /opt/lampp/htdocs/srm/CRM/src/Include/Functions.php(292): ChurchCRM\dto\SystemConfig::getValue('sLogLevel ')
#1 /opt/lampp/htdocs/srm/CRM/src/PersonEditor.php(436): RunQuery('INSERT INTO per...')
#2 {main}
  thrown in /opt/lampp/htdocs/srm/CRM/src/ChurchCRM/dto/SystemConfig.php on line 252
[12-Jun-2017 13:19:01 America/Sao_Paulo] PHP Fatal error:  Uncaught exception 'Exception' with message 'An invalid configuration name has been requested: sLogLevel ' in /opt/lampp/htdocs/srm/CRM/src/ChurchCRM/dto/SystemConfig.php:252
Stack trace:
#0 /opt/lampp/htdocs/srm/CRM/src/Include/Functions.php(292): ChurchCRM\dto\SystemConfig::getValue('sLogLevel ')
#1 /opt/lampp/htdocs/srm/CRM/src/PersonEditor.php(436): RunQuery('INSERT INTO per...')
#2 {main}
  thrown in /opt/lampp/htdocs/srm/CRM/src/ChurchCRM/dto/SystemConfig.php on line 252
[12-Jun-2017 13:19:14 America/Sao_Paulo] PHP Fatal error:  Uncaught exception 'Exception' with message 'An invalid configuration name has been requested: sLogLevel ' in /opt/lampp/htdocs/srm/CRM/src/ChurchCRM/dto/SystemConfig.php:252
Stack trace:
#0 /opt/lampp/htdocs/srm/CRM/src/Include/Functions.php(292): ChurchCRM\dto\SystemConfig::getValue('sLogLevel ')
#1 /opt/lampp/htdocs/srm/CRM/src/PersonEditor.php(436): RunQuery('INSERT INTO per...')
#2 {main}
  thrown in /opt/lampp/htdocs/srm/CRM/src/ChurchCRM/dto/SystemConfig.php on line 252
[12-Jun-2017 13:19:26 America/Sao_Paulo] PHP Fatal error:  Uncaught exception 'Exception' with message 'An invalid configuration name has been requested: sLogLevel ' in /opt/lampp/htdocs/srm/CRM/src/ChurchCRM/dto/SystemConfig.php:252
Stack trace:
#0 /opt/lampp/htdocs/srm/CRM/src/Include/Functions.php(292): ChurchCRM\dto\SystemConfig::getValue('sLogLevel ')
#1 /opt/lampp/htdocs/srm/CRM/src/PersonEditor.php(436): RunQuery('INSERT INTO per...')
#2 {main}
  thrown in /opt/lampp/htdocs/srm/CRM/src/ChurchCRM/dto/SystemConfig.php on line 252
[12-Jun-2017 13:19:39 America/Sao_Paulo] PHP Fatal error:  Uncaught exception 'Exception' with message 'An invalid configuration name has been requested: sLogLevel ' in /opt/lampp/htdocs/srm/CRM/src/ChurchCRM/dto/SystemConfig.php:252
Stack trace:
#0 /opt/lampp/htdocs/srm/CRM/src/Include/Functions.php(292): ChurchCRM\dto\SystemConfig::getValue('sLogLevel ')
#1 /opt/lampp/htdocs/srm/CRM/src/PersonEditor.php(436): RunQuery('INSERT INTO per...')
#2 {main}
  thrown in /opt/lampp/htdocs/srm/CRM/src/ChurchCRM/dto/SystemConfig.php on line 252
[12-Jun-2017 13:20:24 America/Sao_Paulo] PHP Fatal error:  Uncaught exception 'Exception' with message 'An invalid configuration name has been requested: sLogLevel ' in /opt/lampp/htdocs/srm/CRM/src/ChurchCRM/dto/SystemConfig.php:252
Stack trace:
#0 /opt/lampp/htdocs/srm/CRM/src/Include/Functions.php(292): ChurchCRM\dto\SystemConfig::getValue('sLogLevel ')
#1 /opt/lampp/htdocs/srm/CRM/src/PersonEditor.php(436): RunQuery('INSERT INTO per...')
#2 {main}
  thrown in /opt/lampp/htdocs/srm/CRM/src/ChurchCRM/dto/SystemConfig.php on line 252
[12-Jun-2017 13:21:23 America/Sao_Paulo] PHP Fatal error:  Uncaught exception 'Exception' with message 'An invalid configuration name has been requested: sLogLevel ' in /opt/lampp/htdocs/srm/CRM/src/ChurchCRM/dto/SystemConfig.php:252
Stack trace:
#0 /opt/lampp/htdocs/srm/CRM/src/Include/Functions.php(292): ChurchCRM\dto\SystemConfig::getValue('sLogLevel ')
#1 /opt/lampp/htdocs/srm/CRM/src/PersonEditor.php(436): RunQuery('INSERT INTO per...')
#2 {main}
  thrown in /opt/lampp/htdocs/srm/CRM/src/ChurchCRM/dto/SystemConfig.php on line 252
[12-Jun-2017 13:22:06 America/Sao_Paulo] PHP Fatal error:  Uncaught exception 'Exception' with message 'An invalid configuration name has been requested: sLogLevel ' in /opt/lampp/htdocs/srm/CRM/src/ChurchCRM/dto/SystemConfig.php:252
Stack trace:
#0 /opt/lampp/htdocs/srm/CRM/src/Include/Functions.php(292): ChurchCRM\dto\SystemConfig::getValue('sLogLevel ')
#1 /opt/lampp/htdocs/srm/CRM/src/PersonEditor.php(436): RunQuery('INSERT INTO per...')
#2 {main}
  thrown in /opt/lampp/htdocs/srm/CRM/src/ChurchCRM/dto/SystemConfig.php on line 252
[12-Jun-2017 13:24:58 America/Sao_Paulo] PHP Fatal error:  Uncaught exception 'Exception' with message 'An invalid configuration name has been requested: sLogLevel ' in /opt/lampp/htdocs/srm/CRM/src/ChurchCRM/dto/SystemConfig.php:252
Stack trace:
#0 /opt/lampp/htdocs/srm/CRM/src/Include/Functions.php(292): ChurchCRM\dto\SystemConfig::getValue('sLogLevel ')
#1 /opt/lampp/htdocs/srm/CRM/src/PersonEditor.php(436): RunQuery('INSERT INTO per...')
#2 {main}
  thrown in /opt/lampp/htdocs/srm/CRM/src/ChurchCRM/dto/SystemConfig.php on line 252
[12-Jun-2017 13:27:01 America/Sao_Paulo] PHP Fatal error:  Uncaught exception 'Exception' with message 'An invalid configuration name has been requested: sLogLevel ' in /opt/lampp/htdocs/srm/CRM/src/ChurchCRM/dto/SystemConfig.php:252
Stack trace:
#0 /opt/lampp/htdocs/srm/CRM/src/Include/Functions.php(292): ChurchCRM\dto\SystemConfig::getValue('sLogLevel ')
#1 /opt/lampp/htdocs/srm/CRM/src/PersonEditor.php(436): RunQuery('INSERT INTO per...')
#2 {main}
  thrown in /opt/lampp/htdocs/srm/CRM/src/ChurchCRM/dto/SystemConfig.php on line 252
[12-Jun-2017 13:27:57 America/Sao_Paulo] PHP Fatal error:  Uncaught exception 'Exception' with message 'An invalid configuration name has been requested: sLogLevel ' in /opt/lampp/htdocs/srm/CRM/src/ChurchCRM/dto/SystemConfig.php:252
Stack trace:
#0 /opt/lampp/htdocs/srm/CRM/src/Include/Functions.php(292): ChurchCRM\dto\SystemConfig::getValue('sLogLevel ')
#1 /opt/lampp/htdocs/srm/CRM/src/PersonEditor.php(436): RunQuery('INSERT INTO per...')
#2 {main}
  thrown in /opt/lampp/htdocs/srm/CRM/src/ChurchCRM/dto/SystemConfig.php on line 252
[12-Jun-2017 13:28:36 America/Sao_Paulo] PHP Fatal error:  Uncaught exception 'Exception' with message 'An invalid configuration name has been requested: sLogLevel ' in /opt/lampp/htdocs/srm/CRM/src/ChurchCRM/dto/SystemConfig.php:252
Stack trace:
#0 /opt/lampp/htdocs/srm/CRM/src/Include/Functions.php(292): ChurchCRM\dto\SystemConfig::getValue('sLogLevel ')
#1 /opt/lampp/htdocs/srm/CRM/src/PersonEditor.php(436): RunQuery('INSERT INTO per...')
#2 {main}
  thrown in /opt/lampp/htdocs/srm/CRM/src/ChurchCRM/dto/SystemConfig.php on line 252
[12-Jun-2017 14:44:10 America/Sao_Paulo] PHP Fatal error:  Uncaught exception 'Exception' with message 'An invalid configuration name has been requested: sLogLevel ' in /opt/lampp/htdocs/srm/CRM/src/ChurchCRM/dto/SystemConfig.php:252
Stack trace:
#0 /opt/lampp/htdocs/srm/CRM/src/Include/Functions.php(292): ChurchCRM\dto\SystemConfig::getValue('sLogLevel ')
#1 /opt/lampp/htdocs/srm/CRM/src/QuerySQL.php(133): RunQuery('SELECT per_ID a...')
#2 /opt/lampp/htdocs/srm/CRM/src/QuerySQL.php(68): RunFreeQuery()
#3 {main}
  thrown in /opt/lampp/htdocs/srm/CRM/src/ChurchCRM/dto/SystemConfig.php on line 252
[12-Jun-2017 14:54:38 America/Sao_Paulo] PHP Fatal error:  Uncaught exception 'Exception' with message 'An invalid configuration name has been requested: sLogLevel ' in /opt/lampp/htdocs/srm/CRM/src/ChurchCRM/dto/SystemConfig.php:252
Stack trace:
#0 /opt/lampp/htdocs/srm/CRM/src/Include/Functions.php(292): ChurchCRM\dto\SystemConfig::getValue('sLogLevel ')
#1 /opt/lampp/htdocs/srm/CRM/src/QuerySQL.php(133): RunQuery('SELECT per_ID a...')
#2 /opt/lampp/htdocs/srm/CRM/src/QuerySQL.php(68): RunFreeQuery()
#3 {main}
  thrown in /opt/lampp/htdocs/srm/CRM/src/ChurchCRM/dto/SystemConfig.php on line 252
[12-Jun-2017 14:58:05 America/Sao_Paulo] PHP Fatal error:  Uncaught exception 'Exception' with message 'An invalid configuration name has been requested: sLogLevel ' in /opt/lampp/htdocs/srm/CRM/src/ChurchCRM/dto/SystemConfig.php:252
Stack trace:
#0 /opt/lampp/htdocs/srm/CRM/src/Include/Functions.php(292): ChurchCRM\dto\SystemConfig::getValue('sLogLevel ')
#1 /opt/lampp/htdocs/srm/CRM/src/QuerySQL.php(133): RunQuery('SELECT per_ID a...')
#2 /opt/lampp/htdocs/srm/CRM/src/QuerySQL.php(68): RunFreeQuery()
#3 {main}
  thrown in /opt/lampp/htdocs/srm/CRM/src/ChurchCRM/dto/SystemConfig.php on line 252
[12-Jun-2017 14:58:20 America/Sao_Paulo] PHP Fatal error:  Uncaught exception 'Exception' with message 'An invalid configuration name has been requested: sLogLevel ' in /opt/lampp/htdocs/srm/CRM/src/ChurchCRM/dto/SystemConfig.php:252
Stack trace:
#0 /opt/lampp/htdocs/srm/CRM/src/Include/Functions.php(292): ChurchCRM\dto\SystemConfig::getValue('sLogLevel ')
#1 /opt/lampp/htdocs/srm/CRM/src/QuerySQL.php(133): RunQuery('SELECT per_ID a...')
#2 /opt/lampp/htdocs/srm/CRM/src/QuerySQL.php(68): RunFreeQuery()
#3 {main}
  thrown in /opt/lampp/htdocs/srm/CRM/src/ChurchCRM/dto/SystemConfig.php on line 252
[12-Jun-2017 14:58:30 America/Sao_Paulo] PHP Fatal error:  Uncaught exception 'Exception' with message 'An invalid configuration name has been requested: sLogLevel ' in /opt/lampp/htdocs/srm/CRM/src/ChurchCRM/dto/SystemConfig.php:252
Stack trace:
#0 /opt/lampp/htdocs/srm/CRM/src/Include/Functions.php(292): ChurchCRM\dto\SystemConfig::getValue('sLogLevel ')
#1 /opt/lampp/htdocs/srm/CRM/src/QuerySQL.php(133): RunQuery('SELECT per_ID a...')
#2 /opt/lampp/htdocs/srm/CRM/src/QuerySQL.php(68): RunFreeQuery()
#3 {main}
  thrown in /opt/lampp/htdocs/srm/CRM/src/ChurchCRM/dto/SystemConfig.php on line 252
[12-Jun-2017 15:14:18 America/Sao_Paulo] PHP Fatal error:  Uncaught exception 'Exception' with message 'An invalid configuration name has been requested: sLogLevel ' in /opt/lampp/htdocs/srm/CRM/src/ChurchCRM/dto/SystemConfig.php:252
Stack trace:
#0 /opt/lampp/htdocs/srm/CRM/src/Include/Functions.php(292): ChurchCRM\dto\SystemConfig::getValue('sLogLevel ')
#1 /opt/lampp/htdocs/srm/CRM/src/QuerySQL.php(133): RunQuery('SELECT per_ID a...')
#2 /opt/lampp/htdocs/srm/CRM/src/QuerySQL.php(68): RunFreeQuery()
#3 {main}
  thrown in /opt/lampp/htdocs/srm/CRM/src/ChurchCRM/dto/SystemConfig.php on line 252
