[21-Jun-2017 13:09:30 America/Sao_Paulo] PHP Fatal error:  Uncaught exception 'Exception' with message 'An invalid configuration name has been requested: sLogLevel ' in /opt/lampp/htdocs/srm/CRM/src/ChurchCRM/dto/SystemConfig.php:253
Stack trace:
#0 /opt/lampp/htdocs/srm/CRM/src/Include/Functions.php(304): ChurchCRM\dto\SystemConfig::getValue('sLogLevel ')
#1 /opt/lampp/htdocs/srm/CRM/src/QueryView.php(198): RunQuery('SELECT per_ID a...')
#2 /opt/lampp/htdocs/srm/CRM/src/QueryView.php(58): DoQuery()
#3 {main}
  thrown in /opt/lampp/htdocs/srm/CRM/src/ChurchCRM/dto/SystemConfig.php on line 253
[21-Jun-2017 13:10:35 America/Sao_Paulo] PHP Fatal error:  Uncaught exception 'Exception' with message 'An invalid configuration name has been requested: sLogLevel ' in /opt/lampp/htdocs/srm/CRM/src/ChurchCRM/dto/SystemConfig.php:253
Stack trace:
#0 /opt/lampp/htdocs/srm/CRM/src/Include/Functions.php(304): ChurchCRM\dto\SystemConfig::getValue('sLogLevel ')
#1 /opt/lampp/htdocs/srm/CRM/src/QueryView.php(198): RunQuery('SELECT per_ID a...')
#2 /opt/lampp/htdocs/srm/CRM/src/QueryView.php(58): DoQuery()
#3 {main}
  thrown in /opt/lampp/htdocs/srm/CRM/src/ChurchCRM/dto/SystemConfig.php on line 253
[21-Jun-2017 13:12:32 America/Sao_Paulo] PHP Fatal error:  Uncaught exception 'Exception' with message 'An invalid configuration name has been requested: sLogLevel ' in /opt/lampp/htdocs/srm/CRM/src/ChurchCRM/dto/SystemConfig.php:253
Stack trace:
#0 /opt/lampp/htdocs/srm/CRM/src/Include/Functions.php(304): ChurchCRM\dto\SystemConfig::getValue('sLogLevel ')
#1 /opt/lampp/htdocs/srm/CRM/src/QueryView.php(41): RunQuery('SELECT * FROM q...')
#2 {main}
  thrown in /opt/lampp/htdocs/srm/CRM/src/ChurchCRM/dto/SystemConfig.php on line 253
[21-Jun-2017 13:12:37 America/Sao_Paulo] PHP Fatal error:  Uncaught exception 'Exception' with message 'An invalid configuration name has been requested: sLogLevel ' in /opt/lampp/htdocs/srm/CRM/src/ChurchCRM/dto/SystemConfig.php:253
Stack trace:
#0 /opt/lampp/htdocs/srm/CRM/src/Include/Functions.php(304): ChurchCRM\dto\SystemConfig::getValue('sLogLevel ')
#1 /opt/lampp/htdocs/srm/CRM/src/QueryView.php(41): RunQuery('SELECT * FROM q...')
#2 {main}
  thrown in /opt/lampp/htdocs/srm/CRM/src/ChurchCRM/dto/SystemConfig.php on line 253
[21-Jun-2017 13:31:07 America/Sao_Paulo] PHP Fatal error:  Uncaught exception 'Exception' with message 'An invalid configuration name has been requested: sLogLevel ' in /opt/lampp/htdocs/srm/CRM/src/ChurchCRM/dto/SystemConfig.php:253
Stack trace:
#0 /opt/lampp/htdocs/srm/CRM/src/Include/Functions.php(304): ChurchCRM\dto\SystemConfig::getValue('sLogLevel ')
#1 /opt/lampp/htdocs/srm/CRM/src/QueryView.php(198): RunQuery(NULL)
#2 /opt/lampp/htdocs/srm/CRM/src/QueryView.php(58): DoQuery()
#3 {main}
  thrown in /opt/lampp/htdocs/srm/CRM/src/ChurchCRM/dto/SystemConfig.php on line 253
[21-Jun-2017 13:31:24 America/Sao_Paulo] PHP Fatal error:  Uncaught exception 'Exception' with message 'An invalid configuration name has been requested: sLogLevel ' in /opt/lampp/htdocs/srm/CRM/src/ChurchCRM/dto/SystemConfig.php:253
Stack trace:
#0 /opt/lampp/htdocs/srm/CRM/src/Include/Functions.php(304): ChurchCRM\dto\SystemConfig::getValue('sLogLevel ')
#1 /opt/lampp/htdocs/srm/CRM/src/QueryView.php(198): RunQuery(NULL)
#2 /opt/lampp/htdocs/srm/CRM/src/QueryView.php(58): DoQuery()
#3 {main}
  thrown in /opt/lampp/htdocs/srm/CRM/src/ChurchCRM/dto/SystemConfig.php on line 253
[21-Jun-2017 13:35:47 America/Sao_Paulo] PHP Fatal error:  Class 'ChurchCRM\Tasks\FamilyWorkPhoneTask' not found in /opt/lampp/htdocs/srm/CRM/src/ChurchCRM/Service/TaskService.php on line 40
[21-Jun-2017 13:36:21 America/Sao_Paulo] PHP Fatal error:  Class 'ChurchCRM\Tasks\FamilyWorkPhoneTask' not found in /opt/lampp/htdocs/srm/CRM/src/ChurchCRM/Service/TaskService.php on line 40
