[09-Jun-2017 11:19:06 America/Sao_Paulo] PHP Fatal error:  Uncaught exception 'Exception' with message 'An invalid configuration name has been requested: sLogLevel ' in /opt/lampp/htdocs/srm/CRM/src/ChurchCRM/dto/SystemConfig.php:252
Stack trace:
#0 /opt/lampp/htdocs/srm/CRM/src/Include/Functions.php(292): ChurchCRM\dto\SystemConfig::getValue('sLogLevel ')
#1 /opt/lampp/htdocs/srm/CRM/src/QueryView.php(198): RunQuery('SELECT per_ID a...')
#2 /opt/lampp/htdocs/srm/CRM/src/QueryView.php(58): DoQuery()
#3 {main}
  thrown in /opt/lampp/htdocs/srm/CRM/src/ChurchCRM/dto/SystemConfig.php on line 252
[09-Jun-2017 11:20:40 America/Sao_Paulo] PHP Fatal error:  Uncaught exception 'Exception' with message 'An invalid configuration name has been requested: sLogLevel ' in /opt/lampp/htdocs/srm/CRM/src/ChurchCRM/dto/SystemConfig.php:252
Stack trace:
#0 /opt/lampp/htdocs/srm/CRM/src/Include/Functions.php(292): ChurchCRM\dto\SystemConfig::getValue('sLogLevel ')
#1 /opt/lampp/htdocs/srm/CRM/src/QueryView.php(198): RunQuery('SELECT per_ID a...')
#2 /opt/lampp/htdocs/srm/CRM/src/QueryView.php(58): DoQuery()
#3 {main}
  thrown in /opt/lampp/htdocs/srm/CRM/src/ChurchCRM/dto/SystemConfig.php on line 252
[09-Jun-2017 11:20:49 America/Sao_Paulo] PHP Fatal error:  Uncaught exception 'Exception' with message 'An invalid configuration name has been requested: sLogLevel ' in /opt/lampp/htdocs/srm/CRM/src/ChurchCRM/dto/SystemConfig.php:252
Stack trace:
#0 /opt/lampp/htdocs/srm/CRM/src/Include/Functions.php(292): ChurchCRM\dto\SystemConfig::getValue('sLogLevel ')
#1 /opt/lampp/htdocs/srm/CRM/src/QueryView.php(198): RunQuery('SELECT per_ID a...')
#2 /opt/lampp/htdocs/srm/CRM/src/QueryView.php(58): DoQuery()
#3 {main}
  thrown in /opt/lampp/htdocs/srm/CRM/src/ChurchCRM/dto/SystemConfig.php on line 252
[09-Jun-2017 11:31:39 America/Sao_Paulo] PHP Fatal error:  Uncaught exception 'Exception' with message 'An invalid configuration name has been requested: sLogLevel ' in /opt/lampp/htdocs/srm/CRM/src/ChurchCRM/dto/SystemConfig.php:252
Stack trace:
#0 /opt/lampp/htdocs/srm/CRM/src/Include/Functions.php(292): ChurchCRM\dto\SystemConfig::getValue('sLogLevel ')
#1 /opt/lampp/htdocs/srm/CRM/src/QuerySQL.php(133): RunQuery('SELECT per_ID a...')
#2 /opt/lampp/htdocs/srm/CRM/src/QuerySQL.php(68): RunFreeQuery()
#3 {main}
  thrown in /opt/lampp/htdocs/srm/CRM/src/ChurchCRM/dto/SystemConfig.php on line 252
[09-Jun-2017 11:32:08 America/Sao_Paulo] PHP Fatal error:  Uncaught exception 'Exception' with message 'An invalid configuration name has been requested: sLogLevel ' in /opt/lampp/htdocs/srm/CRM/src/ChurchCRM/dto/SystemConfig.php:252
Stack trace:
#0 /opt/lampp/htdocs/srm/CRM/src/Include/Functions.php(292): ChurchCRM\dto\SystemConfig::getValue('sLogLevel ')
#1 /opt/lampp/htdocs/srm/CRM/src/QuerySQL.php(133): RunQuery('SELECT per_ID a...')
#2 /opt/lampp/htdocs/srm/CRM/src/QuerySQL.php(68): RunFreeQuery()
#3 {main}
  thrown in /opt/lampp/htdocs/srm/CRM/src/ChurchCRM/dto/SystemConfig.php on line 252
[09-Jun-2017 11:33:30 America/Sao_Paulo] PHP Fatal error:  Uncaught exception 'Exception' with message 'An invalid configuration name has been requested: sLogLevel ' in /opt/lampp/htdocs/srm/CRM/src/ChurchCRM/dto/SystemConfig.php:252
Stack trace:
#0 /opt/lampp/htdocs/srm/CRM/src/Include/Functions.php(292): ChurchCRM\dto\SystemConfig::getValue('sLogLevel ')
#1 /opt/lampp/htdocs/srm/CRM/src/QuerySQL.php(133): RunQuery('SELECT per_ID a...')
#2 /opt/lampp/htdocs/srm/CRM/src/QuerySQL.php(68): RunFreeQuery()
#3 {main}
  thrown in /opt/lampp/htdocs/srm/CRM/src/ChurchCRM/dto/SystemConfig.php on line 252
[09-Jun-2017 11:33:40 America/Sao_Paulo] PHP Fatal error:  Uncaught exception 'Exception' with message 'An invalid configuration name has been requested: sLogLevel ' in /opt/lampp/htdocs/srm/CRM/src/ChurchCRM/dto/SystemConfig.php:252
Stack trace:
#0 /opt/lampp/htdocs/srm/CRM/src/Include/Functions.php(292): ChurchCRM\dto\SystemConfig::getValue('sLogLevel ')
#1 /opt/lampp/htdocs/srm/CRM/src/QuerySQL.php(133): RunQuery('SELECT per_ID a...')
#2 /opt/lampp/htdocs/srm/CRM/src/QuerySQL.php(68): RunFreeQuery()
#3 {main}
  thrown in /opt/lampp/htdocs/srm/CRM/src/ChurchCRM/dto/SystemConfig.php on line 252
[09-Jun-2017 11:33:45 America/Sao_Paulo] PHP Fatal error:  Uncaught exception 'Exception' with message 'An invalid configuration name has been requested: sLogLevel ' in /opt/lampp/htdocs/srm/CRM/src/ChurchCRM/dto/SystemConfig.php:252
Stack trace:
#0 /opt/lampp/htdocs/srm/CRM/src/Include/Functions.php(292): ChurchCRM\dto\SystemConfig::getValue('sLogLevel ')
#1 /opt/lampp/htdocs/srm/CRM/src/QuerySQL.php(133): RunQuery('SELECT per_ID a...')
#2 /opt/lampp/htdocs/srm/CRM/src/QuerySQL.php(68): RunFreeQuery()
#3 {main}
  thrown in /opt/lampp/htdocs/srm/CRM/src/ChurchCRM/dto/SystemConfig.php on line 252
[09-Jun-2017 11:33:46 America/Sao_Paulo] PHP Fatal error:  Uncaught exception 'Exception' with message 'An invalid configuration name has been requested: sLogLevel ' in /opt/lampp/htdocs/srm/CRM/src/ChurchCRM/dto/SystemConfig.php:252
Stack trace:
#0 /opt/lampp/htdocs/srm/CRM/src/Include/Functions.php(292): ChurchCRM\dto\SystemConfig::getValue('sLogLevel ')
#1 /opt/lampp/htdocs/srm/CRM/src/QuerySQL.php(133): RunQuery('SELECT per_ID a...')
#2 /opt/lampp/htdocs/srm/CRM/src/QuerySQL.php(68): RunFreeQuery()
#3 {main}
  thrown in /opt/lampp/htdocs/srm/CRM/src/ChurchCRM/dto/SystemConfig.php on line 252
[09-Jun-2017 11:34:00 America/Sao_Paulo] PHP Fatal error:  Uncaught exception 'Exception' with message 'An invalid configuration name has been requested: sLogLevel ' in /opt/lampp/htdocs/srm/CRM/src/ChurchCRM/dto/SystemConfig.php:252
Stack trace:
#0 /opt/lampp/htdocs/srm/CRM/src/Include/Functions.php(292): ChurchCRM\dto\SystemConfig::getValue('sLogLevel ')
#1 /opt/lampp/htdocs/srm/CRM/src/QuerySQL.php(133): RunQuery('SELECT per_ID a...')
#2 /opt/lampp/htdocs/srm/CRM/src/QuerySQL.php(68): RunFreeQuery()
#3 {main}
  thrown in /opt/lampp/htdocs/srm/CRM/src/ChurchCRM/dto/SystemConfig.php on line 252
[09-Jun-2017 11:34:06 America/Sao_Paulo] PHP Fatal error:  Uncaught exception 'Exception' with message 'An invalid configuration name has been requested: sLogLevel ' in /opt/lampp/htdocs/srm/CRM/src/ChurchCRM/dto/SystemConfig.php:252
Stack trace:
#0 /opt/lampp/htdocs/srm/CRM/src/Include/Functions.php(292): ChurchCRM\dto\SystemConfig::getValue('sLogLevel ')
#1 /opt/lampp/htdocs/srm/CRM/src/QuerySQL.php(133): RunQuery('SELECT per_ID a...')
#2 /opt/lampp/htdocs/srm/CRM/src/QuerySQL.php(68): RunFreeQuery()
#3 {main}
  thrown in /opt/lampp/htdocs/srm/CRM/src/ChurchCRM/dto/SystemConfig.php on line 252
[09-Jun-2017 11:34:50 America/Sao_Paulo] PHP Fatal error:  Uncaught exception 'Exception' with message 'An invalid configuration name has been requested: sLogLevel ' in /opt/lampp/htdocs/srm/CRM/src/ChurchCRM/dto/SystemConfig.php:252
Stack trace:
#0 /opt/lampp/htdocs/srm/CRM/src/Include/Functions.php(292): ChurchCRM\dto\SystemConfig::getValue('sLogLevel ')
#1 /opt/lampp/htdocs/srm/CRM/src/QuerySQL.php(133): RunQuery('SELECT per_ID a...')
#2 /opt/lampp/htdocs/srm/CRM/src/QuerySQL.php(68): RunFreeQuery()
#3 {main}
  thrown in /opt/lampp/htdocs/srm/CRM/src/ChurchCRM/dto/SystemConfig.php on line 252
[09-Jun-2017 11:56:37 America/Sao_Paulo] PHP Fatal error:  Uncaught exception 'Exception' with message 'An invalid configuration name has been requested: sLogLevel ' in /opt/lampp/htdocs/srm/CRM/src/ChurchCRM/dto/SystemConfig.php:252
Stack trace:
#0 /opt/lampp/htdocs/srm/CRM/src/Include/Functions.php(292): ChurchCRM\dto\SystemConfig::getValue('sLogLevel ')
#1 /opt/lampp/htdocs/srm/CRM/src/QueryView.php(198): RunQuery('SELECT per_ID a...')
#2 /opt/lampp/htdocs/srm/CRM/src/QueryView.php(58): DoQuery()
#3 {main}
  thrown in /opt/lampp/htdocs/srm/CRM/src/ChurchCRM/dto/SystemConfig.php on line 252
[09-Jun-2017 11:57:59 America/Sao_Paulo] PHP Fatal error:  Uncaught exception 'Exception' with message 'An invalid configuration name has been requested: sLogLevel ' in /opt/lampp/htdocs/srm/CRM/src/ChurchCRM/dto/SystemConfig.php:252
Stack trace:
#0 /opt/lampp/htdocs/srm/CRM/src/Include/Functions.php(292): ChurchCRM\dto\SystemConfig::getValue('sLogLevel ')
#1 /opt/lampp/htdocs/srm/CRM/src/QuerySQL.php(133): RunQuery('SELECT per_ID a...')
#2 /opt/lampp/htdocs/srm/CRM/src/QuerySQL.php(68): RunFreeQuery()
#3 {main}
  thrown in /opt/lampp/htdocs/srm/CRM/src/ChurchCRM/dto/SystemConfig.php on line 252
[09-Jun-2017 11:58:15 America/Sao_Paulo] PHP Fatal error:  Uncaught exception 'Exception' with message 'An invalid configuration name has been requested: sLogLevel ' in /opt/lampp/htdocs/srm/CRM/src/ChurchCRM/dto/SystemConfig.php:252
Stack trace:
#0 /opt/lampp/htdocs/srm/CRM/src/Include/Functions.php(292): ChurchCRM\dto\SystemConfig::getValue('sLogLevel ')
#1 /opt/lampp/htdocs/srm/CRM/src/QuerySQL.php(133): RunQuery('SELECT per_ID a...')
#2 /opt/lampp/htdocs/srm/CRM/src/QuerySQL.php(68): RunFreeQuery()
#3 {main}
  thrown in /opt/lampp/htdocs/srm/CRM/src/ChurchCRM/dto/SystemConfig.php on line 252
[09-Jun-2017 11:58:16 America/Sao_Paulo] PHP Fatal error:  Uncaught exception 'Exception' with message 'An invalid configuration name has been requested: sLogLevel ' in /opt/lampp/htdocs/srm/CRM/src/ChurchCRM/dto/SystemConfig.php:252
Stack trace:
#0 /opt/lampp/htdocs/srm/CRM/src/Include/Functions.php(292): ChurchCRM\dto\SystemConfig::getValue('sLogLevel ')
#1 /opt/lampp/htdocs/srm/CRM/src/QuerySQL.php(133): RunQuery('SELECT per_ID a...')
#2 /opt/lampp/htdocs/srm/CRM/src/QuerySQL.php(68): RunFreeQuery()
#3 {main}
  thrown in /opt/lampp/htdocs/srm/CRM/src/ChurchCRM/dto/SystemConfig.php on line 252
[09-Jun-2017 11:58:17 America/Sao_Paulo] PHP Fatal error:  Uncaught exception 'Exception' with message 'An invalid configuration name has been requested: sLogLevel ' in /opt/lampp/htdocs/srm/CRM/src/ChurchCRM/dto/SystemConfig.php:252
Stack trace:
#0 /opt/lampp/htdocs/srm/CRM/src/Include/Functions.php(292): ChurchCRM\dto\SystemConfig::getValue('sLogLevel ')
#1 /opt/lampp/htdocs/srm/CRM/src/QuerySQL.php(133): RunQuery('SELECT per_ID a...')
#2 /opt/lampp/htdocs/srm/CRM/src/QuerySQL.php(68): RunFreeQuery()
#3 {main}
  thrown in /opt/lampp/htdocs/srm/CRM/src/ChurchCRM/dto/SystemConfig.php on line 252
[09-Jun-2017 12:00:44 America/Sao_Paulo] PHP Fatal error:  Uncaught exception 'Exception' with message 'An invalid configuration name has been requested: sLogLevel ' in /opt/lampp/htdocs/srm/CRM/src/ChurchCRM/dto/SystemConfig.php:252
Stack trace:
#0 /opt/lampp/htdocs/srm/CRM/src/Include/Functions.php(292): ChurchCRM\dto\SystemConfig::getValue('sLogLevel ')
#1 /opt/lampp/htdocs/srm/CRM/src/QuerySQL.php(133): RunQuery('SELECT per_ID a...')
#2 /opt/lampp/htdocs/srm/CRM/src/QuerySQL.php(68): RunFreeQuery()
#3 {main}
  thrown in /opt/lampp/htdocs/srm/CRM/src/ChurchCRM/dto/SystemConfig.php on line 252
[09-Jun-2017 12:09:17 America/Sao_Paulo] PHP Fatal error:  Uncaught exception 'Exception' with message 'An invalid configuration name has been requested: sLogLevel ' in /opt/lampp/htdocs/srm/CRM/src/ChurchCRM/dto/SystemConfig.php:252
Stack trace:
#0 /opt/lampp/htdocs/srm/CRM/src/Include/Functions.php(292): ChurchCRM\dto\SystemConfig::getValue('sLogLevel ')
#1 /opt/lampp/htdocs/srm/CRM/src/QuerySQL.php(133): RunQuery('SELECT per_ID a...')
#2 /opt/lampp/htdocs/srm/CRM/src/QuerySQL.php(68): RunFreeQuery()
#3 {main}
  thrown in /opt/lampp/htdocs/srm/CRM/src/ChurchCRM/dto/SystemConfig.php on line 252
[09-Jun-2017 12:09:24 America/Sao_Paulo] PHP Fatal error:  Uncaught exception 'Exception' with message 'An invalid configuration name has been requested: sLogLevel ' in /opt/lampp/htdocs/srm/CRM/src/ChurchCRM/dto/SystemConfig.php:252
Stack trace:
#0 /opt/lampp/htdocs/srm/CRM/src/Include/Functions.php(292): ChurchCRM\dto\SystemConfig::getValue('sLogLevel ')
#1 /opt/lampp/htdocs/srm/CRM/src/QuerySQL.php(133): RunQuery('SELECT per_ID a...')
#2 /opt/lampp/htdocs/srm/CRM/src/QuerySQL.php(68): RunFreeQuery()
#3 {main}
  thrown in /opt/lampp/htdocs/srm/CRM/src/ChurchCRM/dto/SystemConfig.php on line 252
[09-Jun-2017 12:10:29 America/Sao_Paulo] PHP Fatal error:  Uncaught exception 'Exception' with message 'An invalid configuration name has been requested: sLogLevel ' in /opt/lampp/htdocs/srm/CRM/src/ChurchCRM/dto/SystemConfig.php:252
Stack trace:
#0 /opt/lampp/htdocs/srm/CRM/src/Include/Functions.php(292): ChurchCRM\dto\SystemConfig::getValue('sLogLevel ')
#1 /opt/lampp/htdocs/srm/CRM/src/QuerySQL.php(133): RunQuery('SELECT per_ID a...')
#2 /opt/lampp/htdocs/srm/CRM/src/QuerySQL.php(68): RunFreeQuery()
#3 {main}
  thrown in /opt/lampp/htdocs/srm/CRM/src/ChurchCRM/dto/SystemConfig.php on line 252
[09-Jun-2017 12:11:43 America/Sao_Paulo] PHP Fatal error:  Uncaught exception 'Exception' with message 'An invalid configuration name has been requested: sLogLevel ' in /opt/lampp/htdocs/srm/CRM/src/ChurchCRM/dto/SystemConfig.php:252
Stack trace:
#0 /opt/lampp/htdocs/srm/CRM/src/Include/Functions.php(292): ChurchCRM\dto\SystemConfig::getValue('sLogLevel ')
#1 /opt/lampp/htdocs/srm/CRM/src/QuerySQL.php(133): RunQuery('SELECT per_ID a...')
#2 /opt/lampp/htdocs/srm/CRM/src/QuerySQL.php(68): RunFreeQuery()
#3 {main}
  thrown in /opt/lampp/htdocs/srm/CRM/src/ChurchCRM/dto/SystemConfig.php on line 252
[09-Jun-2017 12:11:44 America/Sao_Paulo] PHP Fatal error:  Uncaught exception 'Exception' with message 'An invalid configuration name has been requested: sLogLevel ' in /opt/lampp/htdocs/srm/CRM/src/ChurchCRM/dto/SystemConfig.php:252
Stack trace:
#0 /opt/lampp/htdocs/srm/CRM/src/Include/Functions.php(292): ChurchCRM\dto\SystemConfig::getValue('sLogLevel ')
#1 /opt/lampp/htdocs/srm/CRM/src/QuerySQL.php(133): RunQuery('SELECT per_ID a...')
#2 /opt/lampp/htdocs/srm/CRM/src/QuerySQL.php(68): RunFreeQuery()
#3 {main}
  thrown in /opt/lampp/htdocs/srm/CRM/src/ChurchCRM/dto/SystemConfig.php on line 252
[09-Jun-2017 12:12:13 America/Sao_Paulo] PHP Fatal error:  Uncaught exception 'Exception' with message 'An invalid configuration name has been requested: sLogLevel ' in /opt/lampp/htdocs/srm/CRM/src/ChurchCRM/dto/SystemConfig.php:252
Stack trace:
#0 /opt/lampp/htdocs/srm/CRM/src/Include/Functions.php(292): ChurchCRM\dto\SystemConfig::getValue('sLogLevel ')
#1 /opt/lampp/htdocs/srm/CRM/src/QuerySQL.php(133): RunQuery('SELECT per_ID a...')
#2 /opt/lampp/htdocs/srm/CRM/src/QuerySQL.php(68): RunFreeQuery()
#3 {main}
  thrown in /opt/lampp/htdocs/srm/CRM/src/ChurchCRM/dto/SystemConfig.php on line 252
[09-Jun-2017 12:12:17 America/Sao_Paulo] PHP Fatal error:  Uncaught exception 'Exception' with message 'An invalid configuration name has been requested: sLogLevel ' in /opt/lampp/htdocs/srm/CRM/src/ChurchCRM/dto/SystemConfig.php:252
Stack trace:
#0 /opt/lampp/htdocs/srm/CRM/src/Include/Functions.php(292): ChurchCRM\dto\SystemConfig::getValue('sLogLevel ')
#1 /opt/lampp/htdocs/srm/CRM/src/QuerySQL.php(133): RunQuery('SELECT per_ID a...')
#2 /opt/lampp/htdocs/srm/CRM/src/QuerySQL.php(68): RunFreeQuery()
#3 {main}
  thrown in /opt/lampp/htdocs/srm/CRM/src/ChurchCRM/dto/SystemConfig.php on line 252
[09-Jun-2017 12:13:50 America/Sao_Paulo] PHP Fatal error:  Uncaught exception 'Exception' with message 'An invalid configuration name has been requested: sLogLevel ' in /opt/lampp/htdocs/srm/CRM/src/ChurchCRM/dto/SystemConfig.php:252
Stack trace:
#0 /opt/lampp/htdocs/srm/CRM/src/Include/Functions.php(292): ChurchCRM\dto\SystemConfig::getValue('sLogLevel ')
#1 /opt/lampp/htdocs/srm/CRM/src/QuerySQL.php(133): RunQuery('SELECT per_ID a...')
#2 /opt/lampp/htdocs/srm/CRM/src/QuerySQL.php(68): RunFreeQuery()
#3 {main}
  thrown in /opt/lampp/htdocs/srm/CRM/src/ChurchCRM/dto/SystemConfig.php on line 252
[09-Jun-2017 12:18:01 America/Sao_Paulo] PHP Fatal error:  Uncaught exception 'Exception' with message 'An invalid configuration name has been requested: sLogLevel ' in /opt/lampp/htdocs/srm/CRM/src/ChurchCRM/dto/SystemConfig.php:252
Stack trace:
#0 /opt/lampp/htdocs/srm/CRM/src/Include/Functions.php(292): ChurchCRM\dto\SystemConfig::getValue('sLogLevel ')
#1 /opt/lampp/htdocs/srm/CRM/src/QuerySQL.php(133): RunQuery('SELECT per_ID a...')
#2 /opt/lampp/htdocs/srm/CRM/src/QuerySQL.php(68): RunFreeQuery()
#3 {main}
  thrown in /opt/lampp/htdocs/srm/CRM/src/ChurchCRM/dto/SystemConfig.php on line 252
[09-Jun-2017 12:18:08 America/Sao_Paulo] PHP Fatal error:  Uncaught exception 'Exception' with message 'An invalid configuration name has been requested: sLogLevel ' in /opt/lampp/htdocs/srm/CRM/src/ChurchCRM/dto/SystemConfig.php:252
Stack trace:
#0 /opt/lampp/htdocs/srm/CRM/src/Include/Functions.php(292): ChurchCRM\dto\SystemConfig::getValue('sLogLevel ')
#1 /opt/lampp/htdocs/srm/CRM/src/QuerySQL.php(133): RunQuery('SELECT per_ID a...')
#2 /opt/lampp/htdocs/srm/CRM/src/QuerySQL.php(68): RunFreeQuery()
#3 {main}
  thrown in /opt/lampp/htdocs/srm/CRM/src/ChurchCRM/dto/SystemConfig.php on line 252
[09-Jun-2017 12:18:24 America/Sao_Paulo] PHP Fatal error:  Uncaught exception 'Exception' with message 'An invalid configuration name has been requested: sLogLevel ' in /opt/lampp/htdocs/srm/CRM/src/ChurchCRM/dto/SystemConfig.php:252
Stack trace:
#0 /opt/lampp/htdocs/srm/CRM/src/Include/Functions.php(292): ChurchCRM\dto\SystemConfig::getValue('sLogLevel ')
#1 /opt/lampp/htdocs/srm/CRM/src/QuerySQL.php(133): RunQuery('SELECT per_ID a...')
#2 /opt/lampp/htdocs/srm/CRM/src/QuerySQL.php(68): RunFreeQuery()
#3 {main}
  thrown in /opt/lampp/htdocs/srm/CRM/src/ChurchCRM/dto/SystemConfig.php on line 252
[09-Jun-2017 12:18:45 America/Sao_Paulo] PHP Fatal error:  Uncaught exception 'Exception' with message 'An invalid configuration name has been requested: sLogLevel ' in /opt/lampp/htdocs/srm/CRM/src/ChurchCRM/dto/SystemConfig.php:252
Stack trace:
#0 /opt/lampp/htdocs/srm/CRM/src/Include/Functions.php(292): ChurchCRM\dto\SystemConfig::getValue('sLogLevel ')
#1 /opt/lampp/htdocs/srm/CRM/src/QuerySQL.php(133): RunQuery('SELECT per_ID a...')
#2 /opt/lampp/htdocs/srm/CRM/src/QuerySQL.php(68): RunFreeQuery()
#3 {main}
  thrown in /opt/lampp/htdocs/srm/CRM/src/ChurchCRM/dto/SystemConfig.php on line 252
[09-Jun-2017 12:44:11 America/Sao_Paulo] PHP Fatal error:  Uncaught exception 'Exception' with message 'An invalid configuration name has been requested: sLogLevel ' in /opt/lampp/htdocs/srm/CRM/src/ChurchCRM/dto/SystemConfig.php:252
Stack trace:
#0 /opt/lampp/htdocs/srm/CRM/src/Include/Functions.php(292): ChurchCRM\dto\SystemConfig::getValue('sLogLevel ')
#1 /opt/lampp/htdocs/srm/CRM/src/PersonEditor.php(389): RunQuery('UPDATE person_p...')
#2 {main}
  thrown in /opt/lampp/htdocs/srm/CRM/src/ChurchCRM/dto/SystemConfig.php on line 252
[09-Jun-2017 13:06:49 America/Sao_Paulo] PHP Fatal error:  Uncaught exception 'Exception' with message 'An invalid configuration name has been requested: sLogLevel ' in /opt/lampp/htdocs/srm/CRM/src/ChurchCRM/dto/SystemConfig.php:252
Stack trace:
#0 /opt/lampp/htdocs/srm/CRM/src/Include/Functions.php(292): ChurchCRM\dto\SystemConfig::getValue('sLogLevel ')
#1 /opt/lampp/htdocs/srm/CRM/src/PersonEditor.php(414): RunQuery('UPDATE person_p...')
#2 {main}
  thrown in /opt/lampp/htdocs/srm/CRM/src/ChurchCRM/dto/SystemConfig.php on line 252
[09-Jun-2017 13:10:34 America/Sao_Paulo] PHP Fatal error:  Uncaught exception 'Exception' with message 'An invalid configuration name has been requested: sLogLevel ' in /opt/lampp/htdocs/srm/CRM/src/ChurchCRM/dto/SystemConfig.php:252
Stack trace:
#0 /opt/lampp/htdocs/srm/CRM/src/Include/Functions.php(292): ChurchCRM\dto\SystemConfig::getValue('sLogLevel ')
#1 /opt/lampp/htdocs/srm/CRM/src/PersonEditor.php(414): RunQuery('UPDATE person_p...')
#2 {main}
  thrown in /opt/lampp/htdocs/srm/CRM/src/ChurchCRM/dto/SystemConfig.php on line 252
[09-Jun-2017 13:25:02 America/Sao_Paulo] PHP Fatal error:  Uncaught exception 'Exception' with message 'An invalid configuration name has been requested: sLogLevel ' in /opt/lampp/htdocs/srm/CRM/src/ChurchCRM/dto/SystemConfig.php:252
Stack trace:
#0 /opt/lampp/htdocs/srm/CRM/src/Include/Functions.php(292): ChurchCRM\dto\SystemConfig::getValue('sLogLevel ')
#1 /opt/lampp/htdocs/srm/CRM/src/QueryView.php(198): RunQuery('SELECT per_ID a...')
#2 /opt/lampp/htdocs/srm/CRM/src/QueryView.php(58): DoQuery()
#3 {main}
  thrown in /opt/lampp/htdocs/srm/CRM/src/ChurchCRM/dto/SystemConfig.php on line 252
[09-Jun-2017 13:25:26 America/Sao_Paulo] PHP Fatal error:  Uncaught exception 'Exception' with message 'An invalid configuration name has been requested: sLogLevel ' in /opt/lampp/htdocs/srm/CRM/src/ChurchCRM/dto/SystemConfig.php:252
Stack trace:
#0 /opt/lampp/htdocs/srm/CRM/src/Include/Functions.php(292): ChurchCRM\dto\SystemConfig::getValue('sLogLevel ')
#1 /opt/lampp/htdocs/srm/CRM/src/QuerySQL.php(133): RunQuery('SELECT per_ID a...')
#2 /opt/lampp/htdocs/srm/CRM/src/QuerySQL.php(68): RunFreeQuery()
#3 {main}
  thrown in /opt/lampp/htdocs/srm/CRM/src/ChurchCRM/dto/SystemConfig.php on line 252
[09-Jun-2017 13:25:33 America/Sao_Paulo] PHP Fatal error:  Uncaught exception 'Exception' with message 'An invalid configuration name has been requested: sLogLevel ' in /opt/lampp/htdocs/srm/CRM/src/ChurchCRM/dto/SystemConfig.php:252
Stack trace:
#0 /opt/lampp/htdocs/srm/CRM/src/Include/Functions.php(292): ChurchCRM\dto\SystemConfig::getValue('sLogLevel ')
#1 /opt/lampp/htdocs/srm/CRM/src/QuerySQL.php(133): RunQuery('SELECT per_ID a...')
#2 /opt/lampp/htdocs/srm/CRM/src/QuerySQL.php(68): RunFreeQuery()
#3 {main}
  thrown in /opt/lampp/htdocs/srm/CRM/src/ChurchCRM/dto/SystemConfig.php on line 252
[09-Jun-2017 13:35:14 America/Sao_Paulo] PHP Fatal error:  Uncaught exception 'Exception' with message 'An invalid configuration name has been requested: sLogLevel ' in /opt/lampp/htdocs/srm/CRM/src/ChurchCRM/dto/SystemConfig.php:252
Stack trace:
#0 /opt/lampp/htdocs/srm/CRM/src/Include/Functions.php(292): ChurchCRM\dto\SystemConfig::getValue('sLogLevel ')
#1 /opt/lampp/htdocs/srm/CRM/src/QueryView.php(198): RunQuery('SELECT per_ID a...')
#2 /opt/lampp/htdocs/srm/CRM/src/QueryView.php(58): DoQuery()
#3 {main}
  thrown in /opt/lampp/htdocs/srm/CRM/src/ChurchCRM/dto/SystemConfig.php on line 252
[09-Jun-2017 13:44:04 America/Sao_Paulo] PHP Fatal error:  Uncaught exception 'Exception' with message 'An invalid configuration name has been requested: sLogLevel ' in /opt/lampp/htdocs/srm/CRM/src/ChurchCRM/dto/SystemConfig.php:252
Stack trace:
#0 /opt/lampp/htdocs/srm/CRM/src/Include/Functions.php(292): ChurchCRM\dto\SystemConfig::getValue('sLogLevel ')
#1 /opt/lampp/htdocs/srm/CRM/src/QuerySQL.php(133): RunQuery('SELECT per_ID A...')
#2 /opt/lampp/htdocs/srm/CRM/src/QuerySQL.php(68): RunFreeQuery()
#3 {main}
  thrown in /opt/lampp/htdocs/srm/CRM/src/ChurchCRM/dto/SystemConfig.php on line 252
